{"C:\\Users\\lincy\\not_Onedrive\\Documents\\sys_eng\\agritech-project\\frontend\\src\\App.jsx": {"path":"C:\\Users\\lincy\\not_Onedrive\\Documents\\sys_eng\\agritech-project\\frontend\\src\\App.jsx","statementMap":{"0":{"start":{"line":14,"column":20},"end":{"line":19,"column":null}},"1":{"start":{"line":22,"column":42},"end":{"line":22,"column":null}},"2":{"start":{"line":23,"column":26},"end":{"line":23,"column":null}},"3":{"start":{"line":24,"column":32},"end":{"line":24,"column":null}},"4":{"start":{"line":25,"column":34},"end":{"line":25,"column":null}},"5":{"start":{"line":26,"column":44},"end":{"line":26,"column":null}},"6":{"start":{"line":27,"column":46},"end":{"line":27,"column":null}},"7":{"start":{"line":28,"column":42},"end":{"line":28,"column":null}},"8":{"start":{"line":29,"column":52},"end":{"line":29,"column":null}},"9":{"start":{"line":30,"column":60},"end":{"line":30,"column":null}},"10":{"start":{"line":31,"column":40},"end":{"line":31,"column":null}},"11":{"start":{"line":32,"column":42},"end":{"line":32,"column":null}},"12":{"start":{"line":33,"column":44},"end":{"line":33,"column":null}},"13":{"start":{"line":35,"column":4},"end":{"line":52,"column":null}},"14":{"start":{"line":36,"column":8},"end":{"line":51,"column":null}},"15":{"start":{"line":37,"column":12},"end":{"line":39,"column":null}},"16":{"start":{"line":38,"column":37},"end":{"line":38,"column":58}},"17":{"start":{"line":39,"column":30},"end":{"line":39,"column":83}},"18":{"start":{"line":40,"column":12},"end":{"line":50,"column":null}},"19":{"start":{"line":42,"column":20},"end":{"line":48,"column":null}},"20":{"start":{"line":43,"column":24},"end":{"line":47,"column":null}},"21":{"start":{"line":46,"column":64},"end":{"line":46,"column":100}},"22":{"start":{"line":50,"column":30},"end":{"line":50,"column":78}},"23":{"start":{"line":54,"column":23},"end":{"line":54,"column":null}},"24":{"start":{"line":54,"column":29},"end":{"line":54,"column":null}},"25":{"start":{"line":56,"column":25},"end":{"line":62,"column":null}},"26":{"start":{"line":57,"column":8},"end":{"line":57,"column":null}},"27":{"start":{"line":58,"column":8},"end":{"line":58,"column":null}},"28":{"start":{"line":59,"column":8},"end":{"line":59,"column":null}},"29":{"start":{"line":60,"column":8},"end":{"line":60,"column":null}},"30":{"start":{"line":61,"column":8},"end":{"line":61,"column":null}},"31":{"start":{"line":64,"column":4},"end":{"line":66,"column":null}},"32":{"start":{"line":65,"column":8},"end":{"line":65,"column":null}},"33":{"start":{"line":68,"column":29},"end":{"line":82,"column":null}},"34":{"start":{"line":69,"column":8},"end":{"line":69,"column":null}},"35":{"start":{"line":71,"column":30},"end":{"line":71,"column":null}},"36":{"start":{"line":72,"column":8},"end":{"line":72,"column":null}},"37":{"start":{"line":73,"column":8},"end":{"line":80,"column":null}},"38":{"start":{"line":74,"column":12},"end":{"line":79,"column":null}},"39":{"start":{"line":75,"column":16},"end":{"line":75,"column":null}},"40":{"start":{"line":76,"column":16},"end":{"line":76,"column":null}},"41":{"start":{"line":76,"column":33},"end":{"line":76,"column":48}},"42":{"start":{"line":78,"column":16},"end":{"line":78,"column":null}},"43":{"start":{"line":81,"column":8},"end":{"line":81,"column":null}},"44":{"start":{"line":84,"column":29},"end":{"line":92,"column":null}},"45":{"start":{"line":85,"column":21},"end":{"line":85,"column":null}},"46":{"start":{"line":86,"column":8},"end":{"line":86,"column":null}},"47":{"start":{"line":86,"column":25},"end":{"line":86,"column":59}},"48":{"start":{"line":86,"column":47},"end":{"line":86,"column":58}},"49":{"start":{"line":87,"column":8},"end":{"line":91,"column":null}},"50":{"start":{"line":88,"column":12},"end":{"line":88,"column":null}},"51":{"start":{"line":90,"column":12},"end":{"line":90,"column":null}},"52":{"start":{"line":94,"column":37},"end":{"line":110,"column":null}},"53":{"start":{"line":95,"column":8},"end":{"line":103,"column":null}},"54":{"start":{"line":96,"column":12},"end":{"line":96,"column":null}},"55":{"start":{"line":96,"column":33},"end":{"line":96,"column":null}},"56":{"start":{"line":97,"column":25},"end":{"line":97,"column":null}},"57":{"start":{"line":98,"column":31},"end":{"line":98,"column":null}},"58":{"start":{"line":99,"column":12},"end":{"line":101,"column":null}},"59":{"start":{"line":100,"column":16},"end":{"line":100,"column":null}},"60":{"start":{"line":102,"column":12},"end":{"line":102,"column":null}},"61":{"start":{"line":105,"column":8},"end":{"line":109,"column":null}},"62":{"start":{"line":106,"column":12},"end":{"line":106,"column":null}},"63":{"start":{"line":108,"column":12},"end":{"line":108,"column":null}},"64":{"start":{"line":112,"column":30},"end":{"line":156,"column":null}},"65":{"start":{"line":113,"column":8},"end":{"line":113,"column":null}},"66":{"start":{"line":113,"column":26},"end":{"line":113,"column":null}},"67":{"start":{"line":115,"column":24},"end":{"line":119,"column":null}},"68":{"start":{"line":121,"column":8},"end":{"line":121,"column":null}},"69":{"start":{"line":121,"column":28},"end":{"line":121,"column":46}},"70":{"start":{"line":122,"column":8},"end":{"line":122,"column":null}},"71":{"start":{"line":124,"column":8},"end":{"line":155,"column":null}},"72":{"start":{"line":125,"column":29},"end":{"line":125,"column":null}},"73":{"start":{"line":127,"column":12},"end":{"line":129,"column":null}},"74":{"start":{"line":128,"column":16},"end":{"line":128,"column":null}},"75":{"start":{"line":131,"column":12},"end":{"line":141,"column":null}},"76":{"start":{"line":131,"column":32},"end":{"line":141,"column":13}},"77":{"start":{"line":144,"column":12},"end":{"line":144,"column":null}},"78":{"start":{"line":145,"column":12},"end":{"line":152,"column":null}},"79":{"start":{"line":145,"column":32},"end":{"line":152,"column":13}},"80":{"start":{"line":154,"column":12},"end":{"line":154,"column":null}},"81":{"start":{"line":158,"column":32},"end":{"line":160,"column":null}},"82":{"start":{"line":159,"column":8},"end":{"line":159,"column":null}},"83":{"start":{"line":162,"column":33},"end":{"line":164,"column":null}},"84":{"start":{"line":163,"column":8},"end":{"line":163,"column":null}},"85":{"start":{"line":166,"column":30},"end":{"line":168,"column":null}},"86":{"start":{"line":167,"column":8},"end":{"line":167,"column":null}},"87":{"start":{"line":170,"column":31},"end":{"line":172,"column":null}},"88":{"start":{"line":171,"column":8},"end":{"line":171,"column":null}},"89":{"start":{"line":174,"column":35},"end":{"line":176,"column":null}},"90":{"start":{"line":175,"column":8},"end":{"line":175,"column":null}},"91":{"start":{"line":178,"column":36},"end":{"line":180,"column":null}},"92":{"start":{"line":179,"column":8},"end":{"line":179,"column":null}},"93":{"start":{"line":182,"column":39},"end":{"line":184,"column":null}},"94":{"start":{"line":183,"column":8},"end":{"line":183,"column":null}},"95":{"start":{"line":186,"column":40},"end":{"line":188,"column":null}},"96":{"start":{"line":187,"column":8},"end":{"line":187,"column":null}},"97":{"start":{"line":190,"column":4},"end":{"line":479,"column":null}},"98":{"start":{"line":205,"column":42},"end":{"line":205,"column":null}},"99":{"start":{"line":234,"column":43},"end":{"line":234,"column":null}},"100":{"start":{"line":258,"column":43},"end":{"line":258,"column":null}},"101":{"start":{"line":272,"column":42},"end":{"line":272,"column":null}}},"fnMap":{"0":{"name":"App","decl":{"start":{"line":21,"column":9},"end":{"line":21,"column":15}},"loc":{"start":{"line":21,"column":15},"end":{"line":481,"column":null}},"line":21},"1":{"name":"(anonymous_1)","decl":{"start":{"line":35,"column":14},"end":{"line":35,"column":20}},"loc":{"start":{"line":35,"column":20},"end":{"line":52,"column":7}},"line":35},"2":{"name":"(anonymous_2)","decl":{"start":{"line":38,"column":22},"end":{"line":38,"column":37}},"loc":{"start":{"line":38,"column":37},"end":{"line":38,"column":58}},"line":38},"3":{"name":"(anonymous_3)","decl":{"start":{"line":39,"column":23},"end":{"line":39,"column":30}},"loc":{"start":{"line":39,"column":30},"end":{"line":39,"column":83}},"line":39},"4":{"name":"(anonymous_4)","decl":{"start":{"line":41,"column":22},"end":{"line":41,"column":30}},"loc":{"start":{"line":41,"column":30},"end":{"line":49,"column":17}},"line":41},"5":{"name":"(anonymous_5)","decl":{"start":{"line":46,"column":58},"end":{"line":46,"column":64}},"loc":{"start":{"line":46,"column":64},"end":{"line":46,"column":100}},"line":46},"6":{"name":"(anonymous_6)","decl":{"start":{"line":50,"column":23},"end":{"line":50,"column":30}},"loc":{"start":{"line":50,"column":30},"end":{"line":50,"column":78}},"line":50},"7":{"name":"(anonymous_7)","decl":{"start":{"line":54,"column":23},"end":{"line":54,"column":29}},"loc":{"start":{"line":54,"column":29},"end":{"line":54,"column":null}},"line":54},"8":{"name":"(anonymous_8)","decl":{"start":{"line":56,"column":25},"end":{"line":56,"column":31}},"loc":{"start":{"line":56,"column":31},"end":{"line":62,"column":null}},"line":56},"9":{"name":"(anonymous_9)","decl":{"start":{"line":68,"column":29},"end":{"line":68,"column":36}},"loc":{"start":{"line":68,"column":54},"end":{"line":82,"column":null}},"line":68},"10":{"name":"(anonymous_10)","decl":{"start":{"line":76,"column":25},"end":{"line":76,"column":33}},"loc":{"start":{"line":76,"column":33},"end":{"line":76,"column":48}},"line":76},"11":{"name":"(anonymous_11)","decl":{"start":{"line":84,"column":29},"end":{"line":84,"column":36}},"loc":{"start":{"line":84,"column":46},"end":{"line":92,"column":null}},"line":84},"12":{"name":"(anonymous_12)","decl":{"start":{"line":86,"column":17},"end":{"line":86,"column":25}},"loc":{"start":{"line":86,"column":25},"end":{"line":86,"column":59}},"line":86},"13":{"name":"(anonymous_13)","decl":{"start":{"line":86,"column":37},"end":{"line":86,"column":38}},"loc":{"start":{"line":86,"column":47},"end":{"line":86,"column":58}},"line":86},"14":{"name":"(anonymous_14)","decl":{"start":{"line":94,"column":37},"end":{"line":94,"column":49}},"loc":{"start":{"line":94,"column":49},"end":{"line":110,"column":null}},"line":94},"15":{"name":"(anonymous_15)","decl":{"start":{"line":95,"column":20},"end":{"line":95,"column":28}},"loc":{"start":{"line":95,"column":28},"end":{"line":103,"column":9}},"line":95},"16":{"name":"(anonymous_16)","decl":{"start":{"line":112,"column":30},"end":{"line":112,"column":37}},"loc":{"start":{"line":112,"column":46},"end":{"line":156,"column":null}},"line":112},"17":{"name":"(anonymous_17)","decl":{"start":{"line":121,"column":20},"end":{"line":121,"column":28}},"loc":{"start":{"line":121,"column":28},"end":{"line":121,"column":46}},"line":121},"18":{"name":"(anonymous_18)","decl":{"start":{"line":131,"column":24},"end":{"line":131,"column":32}},"loc":{"start":{"line":131,"column":32},"end":{"line":141,"column":13}},"line":131},"19":{"name":"(anonymous_19)","decl":{"start":{"line":145,"column":24},"end":{"line":145,"column":32}},"loc":{"start":{"line":145,"column":32},"end":{"line":152,"column":13}},"line":145},"20":{"name":"(anonymous_20)","decl":{"start":{"line":158,"column":32},"end":{"line":158,"column":38}},"loc":{"start":{"line":158,"column":38},"end":{"line":160,"column":null}},"line":158},"21":{"name":"(anonymous_21)","decl":{"start":{"line":162,"column":33},"end":{"line":162,"column":39}},"loc":{"start":{"line":162,"column":39},"end":{"line":164,"column":null}},"line":162},"22":{"name":"(anonymous_22)","decl":{"start":{"line":166,"column":30},"end":{"line":166,"column":36}},"loc":{"start":{"line":166,"column":36},"end":{"line":168,"column":null}},"line":166},"23":{"name":"(anonymous_23)","decl":{"start":{"line":170,"column":31},"end":{"line":170,"column":37}},"loc":{"start":{"line":170,"column":37},"end":{"line":172,"column":null}},"line":170},"24":{"name":"(anonymous_24)","decl":{"start":{"line":174,"column":35},"end":{"line":174,"column":41}},"loc":{"start":{"line":174,"column":41},"end":{"line":176,"column":null}},"line":174},"25":{"name":"(anonymous_25)","decl":{"start":{"line":178,"column":36},"end":{"line":178,"column":42}},"loc":{"start":{"line":178,"column":42},"end":{"line":180,"column":null}},"line":178},"26":{"name":"(anonymous_26)","decl":{"start":{"line":182,"column":39},"end":{"line":182,"column":45}},"loc":{"start":{"line":182,"column":45},"end":{"line":184,"column":null}},"line":182},"27":{"name":"(anonymous_27)","decl":{"start":{"line":186,"column":40},"end":{"line":186,"column":46}},"loc":{"start":{"line":186,"column":46},"end":{"line":188,"column":null}},"line":186},"28":{"name":"(anonymous_28)","decl":{"start":{"line":205,"column":36},"end":{"line":205,"column":42}},"loc":{"start":{"line":205,"column":42},"end":{"line":205,"column":null}},"line":205},"29":{"name":"(anonymous_29)","decl":{"start":{"line":234,"column":37},"end":{"line":234,"column":43}},"loc":{"start":{"line":234,"column":43},"end":{"line":234,"column":null}},"line":234},"30":{"name":"(anonymous_30)","decl":{"start":{"line":258,"column":37},"end":{"line":258,"column":43}},"loc":{"start":{"line":258,"column":43},"end":{"line":258,"column":null}},"line":258},"31":{"name":"(anonymous_31)","decl":{"start":{"line":272,"column":36},"end":{"line":272,"column":42}},"loc":{"start":{"line":272,"column":42},"end":{"line":272,"column":null}},"line":272}},"branchMap":{"0":{"loc":{"start":{"line":36,"column":8},"end":{"line":51,"column":null}},"type":"if","locations":[{"start":{"line":36,"column":8},"end":{"line":51,"column":null}},{"start":{},"end":{}}],"line":36},"1":{"loc":{"start":{"line":42,"column":20},"end":{"line":48,"column":null}},"type":"if","locations":[{"start":{"line":42,"column":20},"end":{"line":48,"column":null}},{"start":{},"end":{}}],"line":42},"2":{"loc":{"start":{"line":42,"column":24},"end":{"line":42,"column":70}},"type":"binary-expr","locations":[{"start":{"line":42,"column":24},"end":{"line":42,"column":32}},{"start":{"line":42,"column":32},"end":{"line":42,"column":52}},{"start":{"line":42,"column":52},"end":{"line":42,"column":70}}],"line":42},"3":{"loc":{"start":{"line":46,"column":36},"end":{"line":46,"column":54}},"type":"binary-expr","locations":[{"start":{"line":46,"column":36},"end":{"line":46,"column":50}},{"start":{"line":46,"column":50},"end":{"line":46,"column":54}}],"line":46},"4":{"loc":{"start":{"line":46,"column":83},"end":{"line":46,"column":98}},"type":"binary-expr","locations":[{"start":{"line":46,"column":83},"end":{"line":46,"column":92}},{"start":{"line":46,"column":92},"end":{"line":46,"column":98}}],"line":46},"5":{"loc":{"start":{"line":64,"column":4},"end":{"line":66,"column":null}},"type":"if","locations":[{"start":{"line":64,"column":4},"end":{"line":66,"column":null}},{"start":{},"end":{}}],"line":64},"6":{"loc":{"start":{"line":71,"column":30},"end":{"line":71,"column":null}},"type":"cond-expr","locations":[{"start":{"line":71,"column":53},"end":{"line":71,"column":94}},{"start":{"line":71,"column":94},"end":{"line":71,"column":null}}],"line":71},"7":{"loc":{"start":{"line":96,"column":12},"end":{"line":96,"column":null}},"type":"if","locations":[{"start":{"line":96,"column":12},"end":{"line":96,"column":null}},{"start":{},"end":{}}],"line":96},"8":{"loc":{"start":{"line":99,"column":12},"end":{"line":101,"column":null}},"type":"if","locations":[{"start":{"line":99,"column":12},"end":{"line":101,"column":null}},{"start":{},"end":{}}],"line":99},"9":{"loc":{"start":{"line":99,"column":16},"end":{"line":99,"column":73}},"type":"binary-expr","locations":[{"start":{"line":99,"column":16},"end":{"line":99,"column":45}},{"start":{"line":99,"column":45},"end":{"line":99,"column":73}}],"line":99},"10":{"loc":{"start":{"line":113,"column":8},"end":{"line":113,"column":null}},"type":"if","locations":[{"start":{"line":113,"column":8},"end":{"line":113,"column":null}},{"start":{},"end":{}}],"line":113},"11":{"loc":{"start":{"line":127,"column":12},"end":{"line":129,"column":null}},"type":"if","locations":[{"start":{"line":127,"column":12},"end":{"line":129,"column":null}},{"start":{},"end":{}}],"line":127},"12":{"loc":{"start":{"line":199,"column":17},"end":{"line":206,"column":null}},"type":"binary-expr","locations":[{"start":{"line":199,"column":17},"end":{"line":199,"column":null}},{"start":{"line":200,"column":20},"end":{"line":206,"column":null}}],"line":199},"13":{"loc":{"start":{"line":216,"column":21},"end":{"line":238,"column":null}},"type":"binary-expr","locations":[{"start":{"line":216,"column":21},"end":{"line":216,"column":null}},{"start":{"line":217,"column":24},"end":{"line":238,"column":null}}],"line":216},"14":{"loc":{"start":{"line":240,"column":21},"end":{"line":262,"column":null}},"type":"binary-expr","locations":[{"start":{"line":240,"column":21},"end":{"line":240,"column":null}},{"start":{"line":241,"column":24},"end":{"line":262,"column":null}}],"line":240},"15":{"loc":{"start":{"line":265,"column":17},"end":{"line":273,"column":null}},"type":"binary-expr","locations":[{"start":{"line":265,"column":17},"end":{"line":265,"column":null}},{"start":{"line":266,"column":20},"end":{"line":273,"column":null}}],"line":265},"16":{"loc":{"start":{"line":277,"column":13},"end":{"line":320,"column":null}},"type":"binary-expr","locations":[{"start":{"line":277,"column":13},"end":{"line":277,"column":null}},{"start":{"line":278,"column":16},"end":{"line":320,"column":null}}],"line":277},"17":{"loc":{"start":{"line":324,"column":13},"end":{"line":364,"column":null}},"type":"binary-expr","locations":[{"start":{"line":324,"column":13},"end":{"line":324,"column":null}},{"start":{"line":325,"column":16},"end":{"line":364,"column":null}}],"line":324},"18":{"loc":{"start":{"line":368,"column":13},"end":{"line":421,"column":null}},"type":"binary-expr","locations":[{"start":{"line":368,"column":13},"end":{"line":368,"column":null}},{"start":{"line":369,"column":16},"end":{"line":421,"column":null}}],"line":368},"19":{"loc":{"start":{"line":406,"column":25},"end":{"line":418,"column":null}},"type":"cond-expr","locations":[{"start":{"line":407,"column":28},"end":{"line":407,"column":null}},{"start":{"line":409,"column":28},"end":{"line":418,"column":null}}],"line":406},"20":{"loc":{"start":{"line":424,"column":13},"end":{"line":477,"column":null}},"type":"binary-expr","locations":[{"start":{"line":424,"column":13},"end":{"line":424,"column":null}},{"start":{"line":425,"column":16},"end":{"line":477,"column":null}}],"line":424},"21":{"loc":{"start":{"line":462,"column":25},"end":{"line":474,"column":null}},"type":"cond-expr","locations":[{"start":{"line":463,"column":28},"end":{"line":463,"column":null}},{"start":{"line":465,"column":28},"end":{"line":474,"column":null}}],"line":462}},"s":{"0":1,"1":29,"2":29,"3":29,"4":29,"5":29,"6":29,"7":29,"8":29,"9":29,"10":29,"11":29,"12":29,"13":29,"14":11,"15":8,"16":8,"17":0,"18":8,"19":8,"20":0,"21":0,"22":0,"23":29,"24":1,"25":29,"26":1,"27":1,"28":1,"29":1,"30":1,"31":29,"32":3,"33":26,"34":0,"35":0,"36":0,"37":0,"38":0,"39":0,"40":0,"41":0,"42":0,"43":0,"44":26,"45":0,"46":0,"47":0,"48":0,"49":0,"50":0,"51":0,"52":26,"53":1,"54":1,"55":0,"56":1,"57":1,"58":1,"59":1,"60":0,"61":1,"62":1,"63":0,"64":26,"65":3,"66":0,"67":3,"68":3,"69":3,"70":3,"71":3,"72":3,"73":2,"74":1,"75":2,"76":2,"77":1,"78":1,"79":1,"80":3,"81":26,"82":1,"83":26,"84":1,"85":26,"86":1,"87":26,"88":1,"89":26,"90":0,"91":26,"92":0,"93":26,"94":0,"95":26,"96":0,"97":26,"98":0,"99":0,"100":0,"101":0},"f":{"0":29,"1":11,"2":8,"3":0,"4":8,"5":0,"6":0,"7":1,"8":1,"9":0,"10":0,"11":0,"12":0,"13":0,"14":1,"15":1,"16":3,"17":3,"18":2,"19":1,"20":1,"21":1,"22":1,"23":1,"24":0,"25":0,"26":0,"27":0,"28":0,"29":0,"30":0,"31":0},"b":{"0":[8,3],"1":[0,8],"2":[8,0,0],"3":[0,0],"4":[0,0],"5":[3,26],"6":[0,0],"7":[0,1],"8":[1,0],"9":[1,1],"10":[0,3],"11":[1,1],"12":[26,26],"13":[29,0],"14":[29,0],"15":[29,26],"16":[29,1],"17":[29,0],"18":[29,0],"19":[0,0],"20":[29,1],"21":[0,1]},"meta":{"lastBranch":22,"lastFunction":32,"lastStatement":102,"seen":{"s:14:20:19:Infinity":0,"f:21:9:21:15":0,"s:22:42:22:Infinity":1,"s:23:26:23:Infinity":2,"s:24:32:24:Infinity":3,"s:25:34:25:Infinity":4,"s:26:44:26:Infinity":5,"s:27:46:27:Infinity":6,"s:28:42:28:Infinity":7,"s:29:52:29:Infinity":8,"s:30:60:30:Infinity":9,"s:31:40:31:Infinity":10,"s:32:42:32:Infinity":11,"s:33:44:33:Infinity":12,"s:35:4:52:Infinity":13,"f:35:14:35:20":1,"b:36:8:51:Infinity:undefined:undefined:undefined:undefined":0,"s:36:8:51:Infinity":14,"s:37:12:39:Infinity":15,"f:38:22:38:37":2,"s:38:37:38:58":16,"f:39:23:39:30":3,"s:39:30:39:83":17,"s:40:12:50:Infinity":18,"f:41:22:41:30":4,"b:42:20:48:Infinity:undefined:undefined:undefined:undefined":1,"s:42:20:48:Infinity":19,"b:42:24:42:32:42:32:42:52:42:52:42:70":2,"s:43:24:47:Infinity":20,"b:46:36:46:50:46:50:46:54":3,"f:46:58:46:64":5,"s:46:64:46:100":21,"b:46:83:46:92:46:92:46:98":4,"f:50:23:50:30":6,"s:50:30:50:78":22,"s:54:23:54:Infinity":23,"f:54:23:54:29":7,"s:54:29:54:Infinity":24,"s:56:25:62:Infinity":25,"f:56:25:56:31":8,"s:57:8:57:Infinity":26,"s:58:8:58:Infinity":27,"s:59:8:59:Infinity":28,"s:60:8:60:Infinity":29,"s:61:8:61:Infinity":30,"b:64:4:66:Infinity:undefined:undefined:undefined:undefined":5,"s:64:4:66:Infinity":31,"s:65:8:65:Infinity":32,"s:68:29:82:Infinity":33,"f:68:29:68:36":9,"s:69:8:69:Infinity":34,"s:71:30:71:Infinity":35,"b:71:53:71:94:71:94:71:Infinity":6,"s:72:8:72:Infinity":36,"s:73:8:80:Infinity":37,"s:74:12:79:Infinity":38,"s:75:16:75:Infinity":39,"s:76:16:76:Infinity":40,"f:76:25:76:33":10,"s:76:33:76:48":41,"s:78:16:78:Infinity":42,"s:81:8:81:Infinity":43,"s:84:29:92:Infinity":44,"f:84:29:84:36":11,"s:85:21:85:Infinity":45,"s:86:8:86:Infinity":46,"f:86:17:86:25":12,"s:86:25:86:59":47,"f:86:37:86:38":13,"s:86:47:86:58":48,"s:87:8:91:Infinity":49,"s:88:12:88:Infinity":50,"s:90:12:90:Infinity":51,"s:94:37:110:Infinity":52,"f:94:37:94:49":14,"s:95:8:103:Infinity":53,"f:95:20:95:28":15,"b:96:12:96:Infinity:undefined:undefined:undefined:undefined":7,"s:96:12:96:Infinity":54,"s:96:33:96:Infinity":55,"s:97:25:97:Infinity":56,"s:98:31:98:Infinity":57,"b:99:12:101:Infinity:undefined:undefined:undefined:undefined":8,"s:99:12:101:Infinity":58,"b:99:16:99:45:99:45:99:73":9,"s:100:16:100:Infinity":59,"s:102:12:102:Infinity":60,"s:105:8:109:Infinity":61,"s:106:12:106:Infinity":62,"s:108:12:108:Infinity":63,"s:112:30:156:Infinity":64,"f:112:30:112:37":16,"b:113:8:113:Infinity:undefined:undefined:undefined:undefined":10,"s:113:8:113:Infinity":65,"s:113:26:113:Infinity":66,"s:115:24:119:Infinity":67,"s:121:8:121:Infinity":68,"f:121:20:121:28":17,"s:121:28:121:46":69,"s:122:8:122:Infinity":70,"s:124:8:155:Infinity":71,"s:125:29:125:Infinity":72,"b:127:12:129:Infinity:undefined:undefined:undefined:undefined":11,"s:127:12:129:Infinity":73,"s:128:16:128:Infinity":74,"s:131:12:141:Infinity":75,"f:131:24:131:32":18,"s:131:32:141:13":76,"s:144:12:144:Infinity":77,"s:145:12:152:Infinity":78,"f:145:24:145:32":19,"s:145:32:152:13":79,"s:154:12:154:Infinity":80,"s:158:32:160:Infinity":81,"f:158:32:158:38":20,"s:159:8:159:Infinity":82,"s:162:33:164:Infinity":83,"f:162:33:162:39":21,"s:163:8:163:Infinity":84,"s:166:30:168:Infinity":85,"f:166:30:166:36":22,"s:167:8:167:Infinity":86,"s:170:31:172:Infinity":87,"f:170:31:170:37":23,"s:171:8:171:Infinity":88,"s:174:35:176:Infinity":89,"f:174:35:174:41":24,"s:175:8:175:Infinity":90,"s:178:36:180:Infinity":91,"f:178:36:178:42":25,"s:179:8:179:Infinity":92,"s:182:39:184:Infinity":93,"f:182:39:182:45":26,"s:183:8:183:Infinity":94,"s:186:40:188:Infinity":95,"f:186:40:186:46":27,"s:187:8:187:Infinity":96,"s:190:4:479:Infinity":97,"b:199:17:199:Infinity:200:20:206:Infinity":12,"f:205:36:205:42":28,"s:205:42:205:Infinity":98,"b:216:21:216:Infinity:217:24:238:Infinity":13,"f:234:37:234:43":29,"s:234:43:234:Infinity":99,"b:240:21:240:Infinity:241:24:262:Infinity":14,"f:258:37:258:43":30,"s:258:43:258:Infinity":100,"b:265:17:265:Infinity:266:20:273:Infinity":15,"f:272:36:272:42":31,"s:272:42:272:Infinity":101,"b:277:13:277:Infinity:278:16:320:Infinity":16,"b:324:13:324:Infinity:325:16:364:Infinity":17,"b:368:13:368:Infinity:369:16:421:Infinity":18,"b:407:28:407:Infinity:409:28:418:Infinity":19,"b:424:13:424:Infinity:425:16:477:Infinity":20,"b:463:28:463:Infinity:465:28:474:Infinity":21}}}
,"C:\\Users\\lincy\\not_Onedrive\\Documents\\sys_eng\\agritech-project\\frontend\\src\\ChartRenderer.jsx": {"path":"C:\\Users\\lincy\\not_Onedrive\\Documents\\sys_eng\\agritech-project\\frontend\\src\\ChartRenderer.jsx","statementMap":{"0":{"start":{"line":4,"column":15},"end":{"line":7,"column":null}},"1":{"start":{"line":10,"column":22},"end":{"line":107,"column":null}},"2":{"start":{"line":13,"column":2},"end":{"line":106,"column":null}},"3":{"start":{"line":15,"column":20},"end":{"line":15,"column":null}},"4":{"start":{"line":16,"column":24},"end":{"line":16,"column":null}},"5":{"start":{"line":17,"column":6},"end":{"line":33,"column":null}},"6":{"start":{"line":24,"column":14},"end":{"line":24,"column":null}},"7":{"start":{"line":37,"column":20},"end":{"line":37,"column":null}},"8":{"start":{"line":38,"column":6},"end":{"line":54,"column":null}},"9":{"start":{"line":45,"column":14},"end":{"line":45,"column":null}},"10":{"start":{"line":58,"column":20},"end":{"line":58,"column":null}},"11":{"start":{"line":59,"column":6},"end":{"line":74,"column":null}},"12":{"start":{"line":66,"column":14},"end":{"line":66,"column":null}},"13":{"start":{"line":78,"column":6},"end":{"line":102,"column":null}},"14":{"start":{"line":90,"column":32},"end":{"line":90,"column":null}},"15":{"start":{"line":93,"column":16},"end":{"line":93,"column":null}},"16":{"start":{"line":105,"column":6},"end":{"line":105,"column":null}}},"fnMap":{"0":{"name":"(anonymous_0)","decl":{"start":{"line":10,"column":22},"end":{"line":10,"column":23}},"loc":{"start":{"line":10,"column":97},"end":{"line":107,"column":null}},"line":10},"1":{"name":"(anonymous_1)","decl":{"start":{"line":23,"column":23},"end":{"line":23,"column":24}},"loc":{"start":{"line":24,"column":14},"end":{"line":24,"column":null}},"line":24},"2":{"name":"(anonymous_2)","decl":{"start":{"line":44,"column":23},"end":{"line":44,"column":24}},"loc":{"start":{"line":45,"column":14},"end":{"line":45,"column":null}},"line":45},"3":{"name":"(anonymous_3)","decl":{"start":{"line":65,"column":23},"end":{"line":65,"column":24}},"loc":{"start":{"line":66,"column":14},"end":{"line":66,"column":null}},"line":66},"4":{"name":"(anonymous_4)","decl":{"start":{"line":90,"column":21},"end":{"line":90,"column":22}},"loc":{"start":{"line":90,"column":32},"end":{"line":90,"column":null}},"line":90},"5":{"name":"(anonymous_5)","decl":{"start":{"line":92,"column":29},"end":{"line":92,"column":30}},"loc":{"start":{"line":93,"column":16},"end":{"line":93,"column":null}},"line":93}},"branchMap":{"0":{"loc":{"start":{"line":10,"column":47},"end":{"line":10,"column":62}},"type":"default-arg","locations":[{"start":{"line":10,"column":54},"end":{"line":10,"column":62}}],"line":10},"1":{"loc":{"start":{"line":10,"column":62},"end":{"line":10,"column":78}},"type":"default-arg","locations":[{"start":{"line":10,"column":69},"end":{"line":10,"column":78}}],"line":10},"2":{"loc":{"start":{"line":10,"column":78},"end":{"line":10,"column":91}},"type":"default-arg","locations":[{"start":{"line":10,"column":87},"end":{"line":10,"column":91}}],"line":10},"3":{"loc":{"start":{"line":13,"column":2},"end":{"line":106,"column":null}},"type":"switch","locations":[{"start":{"line":14,"column":4},"end":{"line":35,"column":null}},{"start":{"line":36,"column":4},"end":{"line":56,"column":null}},{"start":{"line":57,"column":4},"end":{"line":76,"column":null}},{"start":{"line":77,"column":4},"end":{"line":102,"column":null}},{"start":{"line":104,"column":4},"end":{"line":105,"column":null}}],"line":13},"4":{"loc":{"start":{"line":15,"column":20},"end":{"line":15,"column":null}},"type":"cond-expr","locations":[{"start":{"line":15,"column":42},"end":{"line":15,"column":49}},{"start":{"line":15,"column":49},"end":{"line":15,"column":null}}],"line":15},"5":{"loc":{"start":{"line":24,"column":81},"end":{"line":24,"column":117}},"type":"cond-expr","locations":[{"start":{"line":24,"column":93},"end":{"line":24,"column":112}},{"start":{"line":24,"column":112},"end":{"line":24,"column":117}}],"line":24},"6":{"loc":{"start":{"line":37,"column":20},"end":{"line":37,"column":null}},"type":"cond-expr","locations":[{"start":{"line":37,"column":42},"end":{"line":37,"column":49}},{"start":{"line":37,"column":49},"end":{"line":37,"column":null}}],"line":37},"7":{"loc":{"start":{"line":58,"column":20},"end":{"line":58,"column":null}},"type":"cond-expr","locations":[{"start":{"line":58,"column":42},"end":{"line":58,"column":49}},{"start":{"line":58,"column":49},"end":{"line":58,"column":null}}],"line":58}},"s":{"0":5,"1":5,"2":11,"3":4,"4":4,"5":4,"6":5,"7":1,"8":1,"9":2,"10":4,"11":4,"12":7,"13":1,"14":0,"15":2,"16":1},"f":{"0":11,"1":5,"2":2,"3":7,"4":0,"5":2},"b":{"0":[11],"1":[11],"2":[11],"3":[4,1,4,1,1],"4":[1,3],"5":[2,3],"6":[1,0],"7":[3,1]},"meta":{"lastBranch":8,"lastFunction":6,"lastStatement":17,"seen":{"s:4:15:7:Infinity":0,"s:10:22:107:Infinity":1,"f:10:22:10:23":0,"b:10:54:10:62":0,"b:10:69:10:78":1,"b:10:87:10:91":2,"b:14:4:35:Infinity:36:4:56:Infinity:57:4:76:Infinity:77:4:102:Infinity:104:4:105:Infinity":3,"s:13:2:106:Infinity":2,"s:15:20:15:Infinity":3,"b:15:42:15:49:15:49:15:Infinity":4,"s:16:24:16:Infinity":4,"s:17:6:33:Infinity":5,"f:23:23:23:24":1,"s:24:14:24:Infinity":6,"b:24:93:24:112:24:112:24:117":5,"s:37:20:37:Infinity":7,"b:37:42:37:49:37:49:37:Infinity":6,"s:38:6:54:Infinity":8,"f:44:23:44:24":2,"s:45:14:45:Infinity":9,"s:58:20:58:Infinity":10,"b:58:42:58:49:58:49:58:Infinity":7,"s:59:6:74:Infinity":11,"f:65:23:65:24":3,"s:66:14:66:Infinity":12,"s:78:6:102:Infinity":13,"f:90:21:90:22":4,"s:90:32:90:Infinity":14,"f:92:29:92:30":5,"s:93:16:93:Infinity":15,"s:105:6:105:Infinity":16}}}
,"C:\\Users\\lincy\\not_Onedrive\\Documents\\sys_eng\\agritech-project\\frontend\\src\\drone_imagery.css": {"path":"C:\\Users\\lincy\\not_Onedrive\\Documents\\sys_eng\\agritech-project\\frontend\\src\\drone_imagery.css","statementMap":{},"fnMap":{},"branchMap":{},"s":{},"f":{},"b":{},"meta":{"lastBranch":0,"lastFunction":0,"lastStatement":0,"seen":{}}}
,"C:\\Users\\lincy\\not_Onedrive\\Documents\\sys_eng\\agritech-project\\frontend\\src\\drone_imagery.jsx": {"path":"C:\\Users\\lincy\\not_Onedrive\\Documents\\sys_eng\\agritech-project\\frontend\\src\\drone_imagery.jsx","statementMap":{"0":{"start":{"line":4,"column":21},"end":{"line":137,"column":null}},"1":{"start":{"line":5,"column":30},"end":{"line":5,"column":null}},"2":{"start":{"line":6,"column":30},"end":{"line":6,"column":null}},"3":{"start":{"line":7,"column":36},"end":{"line":7,"column":null}},"4":{"start":{"line":8,"column":36},"end":{"line":8,"column":null}},"5":{"start":{"line":9,"column":40},"end":{"line":9,"column":null}},"6":{"start":{"line":10,"column":44},"end":{"line":10,"column":null}},"7":{"start":{"line":11,"column":38},"end":{"line":11,"column":null}},"8":{"start":{"line":12,"column":48},"end":{"line":12,"column":null}},"9":{"start":{"line":15,"column":4},"end":{"line":17,"column":null}},"10":{"start":{"line":16,"column":8},"end":{"line":16,"column":null}},"11":{"start":{"line":19,"column":29},"end":{"line":32,"column":null}},"12":{"start":{"line":20,"column":8},"end":{"line":20,"column":null}},"13":{"start":{"line":21,"column":8},"end":{"line":31,"column":null}},"14":{"start":{"line":22,"column":29},"end":{"line":22,"column":null}},"15":{"start":{"line":23,"column":12},"end":{"line":26,"column":null}},"16":{"start":{"line":24,"column":29},"end":{"line":24,"column":null}},"17":{"start":{"line":25,"column":16},"end":{"line":25,"column":null}},"18":{"start":{"line":28,"column":12},"end":{"line":28,"column":null}},"19":{"start":{"line":30,"column":12},"end":{"line":30,"column":null}},"20":{"start":{"line":35,"column":28},"end":{"line":39,"column":null}},"21":{"start":{"line":36,"column":21},"end":{"line":36,"column":null}},"22":{"start":{"line":37,"column":8},"end":{"line":37,"column":null}},"23":{"start":{"line":38,"column":8},"end":{"line":38,"column":null}},"24":{"start":{"line":41,"column":28},"end":{"line":45,"column":null}},"25":{"start":{"line":42,"column":21},"end":{"line":42,"column":null}},"26":{"start":{"line":43,"column":8},"end":{"line":43,"column":null}},"27":{"start":{"line":44,"column":8},"end":{"line":44,"column":null}},"28":{"start":{"line":48,"column":25},"end":{"line":76,"column":null}},"29":{"start":{"line":49,"column":8},"end":{"line":52,"column":null}},"30":{"start":{"line":50,"column":12},"end":{"line":50,"column":null}},"31":{"start":{"line":51,"column":12},"end":{"line":51,"column":null}},"32":{"start":{"line":53,"column":25},"end":{"line":53,"column":null}},"33":{"start":{"line":54,"column":8},"end":{"line":54,"column":null}},"34":{"start":{"line":55,"column":8},"end":{"line":55,"column":null}},"35":{"start":{"line":57,"column":8},"end":{"line":57,"column":null}},"36":{"start":{"line":58,"column":8},"end":{"line":75,"column":null}},"37":{"start":{"line":59,"column":29},"end":{"line":62,"column":null}},"38":{"start":{"line":63,"column":12},"end":{"line":72,"column":null}},"39":{"start":{"line":64,"column":29},"end":{"line":64,"column":null}},"40":{"start":{"line":65,"column":28},"end":{"line":65,"column":null}},"41":{"start":{"line":66,"column":16},"end":{"line":66,"column":null}},"42":{"start":{"line":67,"column":16},"end":{"line":67,"column":null}},"43":{"start":{"line":69,"column":16},"end":{"line":69,"column":null}},"44":{"start":{"line":71,"column":16},"end":{"line":71,"column":null}},"45":{"start":{"line":74,"column":12},"end":{"line":74,"column":null}},"46":{"start":{"line":78,"column":4},"end":{"line":135,"column":null}},"47":{"start":{"line":117,"column":28},"end":{"line":128,"column":null}}},"fnMap":{"0":{"name":"(anonymous_0)","decl":{"start":{"line":4,"column":21},"end":{"line":4,"column":27}},"loc":{"start":{"line":4,"column":27},"end":{"line":137,"column":null}},"line":4},"1":{"name":"(anonymous_1)","decl":{"start":{"line":15,"column":14},"end":{"line":15,"column":20}},"loc":{"start":{"line":15,"column":20},"end":{"line":17,"column":7}},"line":15},"2":{"name":"(anonymous_2)","decl":{"start":{"line":19,"column":29},"end":{"line":19,"column":41}},"loc":{"start":{"line":19,"column":41},"end":{"line":32,"column":null}},"line":19},"3":{"name":"(anonymous_3)","decl":{"start":{"line":35,"column":28},"end":{"line":35,"column":29}},"loc":{"start":{"line":35,"column":35},"end":{"line":39,"column":null}},"line":35},"4":{"name":"(anonymous_4)","decl":{"start":{"line":41,"column":28},"end":{"line":41,"column":29}},"loc":{"start":{"line":41,"column":35},"end":{"line":45,"column":null}},"line":41},"5":{"name":"(anonymous_5)","decl":{"start":{"line":48,"column":25},"end":{"line":48,"column":37}},"loc":{"start":{"line":48,"column":37},"end":{"line":76,"column":null}},"line":48},"6":{"name":"(anonymous_6)","decl":{"start":{"line":116,"column":41},"end":{"line":116,"column":42}},"loc":{"start":{"line":117,"column":28},"end":{"line":128,"column":null}},"line":117}},"branchMap":{"0":{"loc":{"start":{"line":23,"column":12},"end":{"line":26,"column":null}},"type":"if","locations":[{"start":{"line":23,"column":12},"end":{"line":26,"column":null}},{"start":{},"end":{}}],"line":23},"1":{"loc":{"start":{"line":25,"column":31},"end":{"line":25,"column":48}},"type":"binary-expr","locations":[{"start":{"line":25,"column":31},"end":{"line":25,"column":46}},{"start":{"line":25,"column":46},"end":{"line":25,"column":48}}],"line":25},"2":{"loc":{"start":{"line":38,"column":22},"end":{"line":38,"column":61}},"type":"cond-expr","locations":[{"start":{"line":38,"column":29},"end":{"line":38,"column":57}},{"start":{"line":38,"column":57},"end":{"line":38,"column":61}}],"line":38},"3":{"loc":{"start":{"line":44,"column":22},"end":{"line":44,"column":61}},"type":"cond-expr","locations":[{"start":{"line":44,"column":29},"end":{"line":44,"column":57}},{"start":{"line":44,"column":57},"end":{"line":44,"column":61}}],"line":44},"4":{"loc":{"start":{"line":49,"column":8},"end":{"line":52,"column":null}},"type":"if","locations":[{"start":{"line":49,"column":8},"end":{"line":52,"column":null}},{"start":{},"end":{}}],"line":49},"5":{"loc":{"start":{"line":49,"column":12},"end":{"line":49,"column":34}},"type":"binary-expr","locations":[{"start":{"line":49,"column":12},"end":{"line":49,"column":24}},{"start":{"line":49,"column":24},"end":{"line":49,"column":34}}],"line":49},"6":{"loc":{"start":{"line":63,"column":12},"end":{"line":72,"column":null}},"type":"if","locations":[{"start":{"line":63,"column":12},"end":{"line":72,"column":null}},{"start":{"line":70,"column":19},"end":{"line":72,"column":null}}],"line":63},"7":{"loc":{"start":{"line":88,"column":21},"end":{"line":88,"column":null}},"type":"binary-expr","locations":[{"start":{"line":88,"column":21},"end":{"line":88,"column":35}},{"start":{"line":88,"column":35},"end":{"line":88,"column":null}}],"line":88},"8":{"loc":{"start":{"line":96,"column":21},"end":{"line":96,"column":null}},"type":"binary-expr","locations":[{"start":{"line":96,"column":21},"end":{"line":96,"column":35}},{"start":{"line":96,"column":35},"end":{"line":96,"column":null}}],"line":96},"9":{"loc":{"start":{"line":100,"column":13},"end":{"line":100,"column":null}},"type":"binary-expr","locations":[{"start":{"line":100,"column":13},"end":{"line":100,"column":29}},{"start":{"line":100,"column":29},"end":{"line":100,"column":null}}],"line":100},"10":{"loc":{"start":{"line":102,"column":13},"end":{"line":106,"column":null}},"type":"binary-expr","locations":[{"start":{"line":102,"column":13},"end":{"line":102,"column":null}},{"start":{"line":103,"column":16},"end":{"line":106,"column":null}}],"line":102},"11":{"loc":{"start":{"line":112,"column":17},"end":{"line":132,"column":null}},"type":"cond-expr","locations":[{"start":{"line":113,"column":20},"end":{"line":113,"column":null}},{"start":{"line":114,"column":20},"end":{"line":132,"column":null}}],"line":112},"12":{"loc":{"start":{"line":114,"column":20},"end":{"line":132,"column":null}},"type":"cond-expr","locations":[{"start":{"line":115,"column":20},"end":{"line":130,"column":null}},{"start":{"line":132,"column":20},"end":{"line":132,"column":null}}],"line":114}},"s":{"0":4,"1":25,"2":25,"3":25,"4":25,"5":25,"6":25,"7":25,"8":25,"9":25,"10":7,"11":25,"12":8,"13":8,"14":8,"15":8,"16":8,"17":8,"18":0,"19":8,"20":25,"21":3,"22":3,"23":3,"24":25,"25":3,"26":3,"27":3,"28":25,"29":3,"30":1,"31":1,"32":2,"33":2,"34":2,"35":2,"36":2,"37":2,"38":2,"39":1,"40":1,"41":1,"42":1,"43":1,"44":1,"45":0,"46":25,"47":0},"f":{"0":25,"1":7,"2":8,"3":3,"4":3,"5":3,"6":0},"b":{"0":[8,0],"1":[8,0],"2":[3,0],"3":[3,0],"4":[1,2],"5":[3,2],"6":[1,1],"7":[25,10],"8":[25,7],"9":[25,5],"10":[25,1],"11":[16,9],"12":[0,9]},"meta":{"lastBranch":13,"lastFunction":7,"lastStatement":48,"seen":{"s:4:21:137:Infinity":0,"f:4:21:4:27":0,"s:5:30:5:Infinity":1,"s:6:30:6:Infinity":2,"s:7:36:7:Infinity":3,"s:8:36:8:Infinity":4,"s:9:40:9:Infinity":5,"s:10:44:10:Infinity":6,"s:11:38:11:Infinity":7,"s:12:48:12:Infinity":8,"s:15:4:17:Infinity":9,"f:15:14:15:20":1,"s:16:8:16:Infinity":10,"s:19:29:32:Infinity":11,"f:19:29:19:41":2,"s:20:8:20:Infinity":12,"s:21:8:31:Infinity":13,"s:22:29:22:Infinity":14,"b:23:12:26:Infinity:undefined:undefined:undefined:undefined":0,"s:23:12:26:Infinity":15,"s:24:29:24:Infinity":16,"s:25:16:25:Infinity":17,"b:25:31:25:46:25:46:25:48":1,"s:28:12:28:Infinity":18,"s:30:12:30:Infinity":19,"s:35:28:39:Infinity":20,"f:35:28:35:29":3,"s:36:21:36:Infinity":21,"s:37:8:37:Infinity":22,"s:38:8:38:Infinity":23,"b:38:29:38:57:38:57:38:61":2,"s:41:28:45:Infinity":24,"f:41:28:41:29":4,"s:42:21:42:Infinity":25,"s:43:8:43:Infinity":26,"s:44:8:44:Infinity":27,"b:44:29:44:57:44:57:44:61":3,"s:48:25:76:Infinity":28,"f:48:25:48:37":5,"b:49:8:52:Infinity:undefined:undefined:undefined:undefined":4,"s:49:8:52:Infinity":29,"b:49:12:49:24:49:24:49:34":5,"s:50:12:50:Infinity":30,"s:51:12:51:Infinity":31,"s:53:25:53:Infinity":32,"s:54:8:54:Infinity":33,"s:55:8:55:Infinity":34,"s:57:8:57:Infinity":35,"s:58:8:75:Infinity":36,"s:59:29:62:Infinity":37,"b:63:12:72:Infinity:70:19:72:Infinity":6,"s:63:12:72:Infinity":38,"s:64:29:64:Infinity":39,"s:65:28:65:Infinity":40,"s:66:16:66:Infinity":41,"s:67:16:67:Infinity":42,"s:69:16:69:Infinity":43,"s:71:16:71:Infinity":44,"s:74:12:74:Infinity":45,"s:78:4:135:Infinity":46,"b:88:21:88:35:88:35:88:Infinity":7,"b:96:21:96:35:96:35:96:Infinity":8,"b:100:13:100:29:100:29:100:Infinity":9,"b:102:13:102:Infinity:103:16:106:Infinity":10,"b:113:20:113:Infinity:114:20:132:Infinity":11,"b:115:20:130:Infinity:132:20:132:Infinity":12,"f:116:41:116:42":6,"s:117:28:128:Infinity":47}}}
,"C:\\Users\\lincy\\not_Onedrive\\Documents\\sys_eng\\agritech-project\\frontend\\src\\satellite.jsx": {"path":"C:\\Users\\lincy\\not_Onedrive\\Documents\\sys_eng\\agritech-project\\frontend\\src\\satellite.jsx","statementMap":{"0":{"start":{"line":16,"column":0},"end":{"line":16,"column":null}},"1":{"start":{"line":17,"column":0},"end":{"line":21,"column":null}},"2":{"start":{"line":23,"column":22},"end":{"line":41,"column":null}},"3":{"start":{"line":24,"column":2},"end":{"line":40,"column":null}},"4":{"start":{"line":43,"column":25},"end":{"line":59,"column":null}},"5":{"start":{"line":44,"column":2},"end":{"line":58,"column":null}},"6":{"start":{"line":61,"column":20},"end":{"line":61,"column":null}},"7":{"start":{"line":62,"column":21},"end":{"line":62,"column":null}},"8":{"start":{"line":63,"column":22},"end":{"line":63,"column":null}},"9":{"start":{"line":67,"column":21},"end":{"line":425,"column":null}},"10":{"start":{"line":70,"column":27},"end":{"line":75,"column":null}},"11":{"start":{"line":78,"column":2},"end":{"line":91,"column":null}},"12":{"start":{"line":79,"column":4},"end":{"line":79,"column":null}},"13":{"start":{"line":79,"column":64},"end":{"line":79,"column":74}},"14":{"start":{"line":80,"column":2},"end":{"line":91,"column":null}},"15":{"start":{"line":82,"column":19},"end":{"line":82,"column":null}},"16":{"start":{"line":83,"column":4},"end":{"line":88,"column":null}},"17":{"start":{"line":90,"column":4},"end":{"line":90,"column":null}},"18":{"start":{"line":95,"column":8},"end":{"line":100,"column":null}},"19":{"start":{"line":96,"column":4},"end":{"line":96,"column":null}},"20":{"start":{"line":96,"column":39},"end":{"line":96,"column":null}},"21":{"start":{"line":97,"column":19},"end":{"line":97,"column":null}},"22":{"start":{"line":97,"column":55},"end":{"line":97,"column":67}},"23":{"start":{"line":98,"column":19},"end":{"line":98,"column":null}},"24":{"start":{"line":98,"column":55},"end":{"line":98,"column":67}},"25":{"start":{"line":99,"column":4},"end":{"line":99,"column":null}},"26":{"start":{"line":102,"column":32},"end":{"line":102,"column":null}},"27":{"start":{"line":104,"column":32},"end":{"line":104,"column":null}},"28":{"start":{"line":105,"column":36},"end":{"line":105,"column":null}},"29":{"start":{"line":108,"column":27},"end":{"line":129,"column":null}},"30":{"start":{"line":109,"column":4},"end":{"line":128,"column":null}},"31":{"start":{"line":111,"column":25},"end":{"line":111,"column":null}},"32":{"start":{"line":111,"column":44},"end":{"line":111,"column":56}},"33":{"start":{"line":115,"column":6},"end":{"line":115,"column":null}},"34":{"start":{"line":118,"column":12},"end":{"line":118,"column":null}},"35":{"start":{"line":119,"column":12},"end":{"line":119,"column":null}},"36":{"start":{"line":122,"column":6},"end":{"line":125,"column":null}},"37":{"start":{"line":127,"column":6},"end":{"line":127,"column":null}},"38":{"start":{"line":131,"column":19},"end":{"line":131,"column":null}},"39":{"start":{"line":133,"column":8},"end":{"line":145,"column":null}},"40":{"start":{"line":134,"column":4},"end":{"line":134,"column":null}},"41":{"start":{"line":134,"column":32},"end":{"line":134,"column":null}},"42":{"start":{"line":136,"column":17},"end":{"line":136,"column":null}},"43":{"start":{"line":137,"column":17},"end":{"line":137,"column":null}},"44":{"start":{"line":139,"column":4},"end":{"line":142,"column":null}},"45":{"start":{"line":140,"column":6},"end":{"line":140,"column":null}},"46":{"start":{"line":141,"column":6},"end":{"line":141,"column":null}},"47":{"start":{"line":144,"column":4},"end":{"line":144,"column":null}},"48":{"start":{"line":149,"column":8},"end":{"line":167,"column":null}},"49":{"start":{"line":150,"column":4},"end":{"line":150,"column":null}},"50":{"start":{"line":150,"column":30},"end":{"line":150,"column":null}},"51":{"start":{"line":152,"column":4},"end":{"line":166,"column":null}},"52":{"start":{"line":154,"column":12},"end":{"line":154,"column":null}},"53":{"start":{"line":155,"column":22},"end":{"line":155,"column":null}},"54":{"start":{"line":158,"column":12},"end":{"line":158,"column":null}},"55":{"start":{"line":159,"column":12},"end":{"line":159,"column":null}},"56":{"start":{"line":161,"column":6},"end":{"line":165,"column":null}},"57":{"start":{"line":172,"column":25},"end":{"line":176,"column":null}},"58":{"start":{"line":173,"column":25},"end":{"line":173,"column":null}},"59":{"start":{"line":174,"column":4},"end":{"line":174,"column":null}},"60":{"start":{"line":175,"column":4},"end":{"line":175,"column":null}},"61":{"start":{"line":178,"column":27},"end":{"line":190,"column":null}},"62":{"start":{"line":179,"column":4},"end":{"line":179,"column":null}},"63":{"start":{"line":179,"column":24},"end":{"line":179,"column":null}},"64":{"start":{"line":181,"column":20},"end":{"line":181,"column":null}},"65":{"start":{"line":182,"column":20},"end":{"line":182,"column":null}},"66":{"start":{"line":184,"column":25},"end":{"line":187,"column":null}},"67":{"start":{"line":184,"column":46},"end":{"line":187,"column":5}},"68":{"start":{"line":189,"column":4},"end":{"line":189,"column":null}},"69":{"start":{"line":194,"column":25},"end":{"line":199,"column":null}},"70":{"start":{"line":195,"column":25},"end":{"line":195,"column":null}},"71":{"start":{"line":197,"column":4},"end":{"line":197,"column":null}},"72":{"start":{"line":198,"column":4},"end":{"line":198,"column":null}},"73":{"start":{"line":202,"column":22},"end":{"line":205,"column":null}},"74":{"start":{"line":203,"column":4},"end":{"line":203,"column":null}},"75":{"start":{"line":203,"column":31},"end":{"line":203,"column":null}},"76":{"start":{"line":204,"column":4},"end":{"line":204,"column":null}},"77":{"start":{"line":204,"column":44},"end":{"line":204,"column":55}},"78":{"start":{"line":209,"column":23},"end":{"line":228,"column":null}},"79":{"start":{"line":210,"column":19},"end":{"line":210,"column":null}},"80":{"start":{"line":212,"column":25},"end":{"line":217,"column":null}},"81":{"start":{"line":219,"column":4},"end":{"line":219,"column":null}},"82":{"start":{"line":220,"column":4},"end":{"line":220,"column":null}},"83":{"start":{"line":223,"column":4},"end":{"line":227,"column":null}},"84":{"start":{"line":226,"column":47},"end":{"line":226,"column":60}},"85":{"start":{"line":231,"column":25},"end":{"line":250,"column":null}},"86":{"start":{"line":233,"column":4},"end":{"line":236,"column":null}},"87":{"start":{"line":234,"column":6},"end":{"line":234,"column":null}},"88":{"start":{"line":235,"column":6},"end":{"line":235,"column":null}},"89":{"start":{"line":238,"column":4},"end":{"line":249,"column":null}},"90":{"start":{"line":240,"column":20},"end":{"line":240,"column":null}},"91":{"start":{"line":241,"column":20},"end":{"line":241,"column":null}},"92":{"start":{"line":243,"column":8},"end":{"line":243,"column":null}},"93":{"start":{"line":246,"column":8},"end":{"line":246,"column":null}},"94":{"start":{"line":247,"column":8},"end":{"line":247,"column":null}},"95":{"start":{"line":252,"column":23},"end":{"line":274,"column":null}},"96":{"start":{"line":253,"column":4},"end":{"line":253,"column":null}},"97":{"start":{"line":253,"column":22},"end":{"line":253,"column":null}},"98":{"start":{"line":255,"column":4},"end":{"line":273,"column":null}},"99":{"start":{"line":256,"column":19},"end":{"line":256,"column":null}},"100":{"start":{"line":258,"column":6},"end":{"line":268,"column":null}},"101":{"start":{"line":259,"column":28},"end":{"line":259,"column":null}},"102":{"start":{"line":262,"column":20},"end":{"line":262,"column":null}},"103":{"start":{"line":263,"column":20},"end":{"line":263,"column":null}},"104":{"start":{"line":265,"column":8},"end":{"line":265,"column":null}},"105":{"start":{"line":267,"column":8},"end":{"line":267,"column":null}},"106":{"start":{"line":271,"column":6},"end":{"line":271,"column":null}},"107":{"start":{"line":272,"column":6},"end":{"line":272,"column":null}},"108":{"start":{"line":276,"column":29},"end":{"line":314,"column":null}},"109":{"start":{"line":277,"column":4},"end":{"line":313,"column":null}},"110":{"start":{"line":278,"column":6},"end":{"line":310,"column":null}},"111":{"start":{"line":279,"column":26},"end":{"line":279,"column":null}},"112":{"start":{"line":279,"column":57},"end":{"line":279,"column":71}},"113":{"start":{"line":280,"column":26},"end":{"line":280,"column":null}},"114":{"start":{"line":280,"column":57},"end":{"line":280,"column":71}},"115":{"start":{"line":283,"column":27},"end":{"line":283,"column":null}},"116":{"start":{"line":284,"column":8},"end":{"line":289,"column":null}},"117":{"start":{"line":285,"column":37},"end":{"line":285,"column":null}},"118":{"start":{"line":286,"column":10},"end":{"line":286,"column":null}},"119":{"start":{"line":288,"column":10},"end":{"line":288,"column":null}},"120":{"start":{"line":291,"column":25},"end":{"line":297,"column":null}},"121":{"start":{"line":296,"column":48},"end":{"line":296,"column":61}},"122":{"start":{"line":299,"column":8},"end":{"line":299,"column":null}},"123":{"start":{"line":301,"column":8},"end":{"line":301,"column":null}},"124":{"start":{"line":302,"column":8},"end":{"line":302,"column":null}},"125":{"start":{"line":304,"column":23},"end":{"line":304,"column":null}},"126":{"start":{"line":305,"column":8},"end":{"line":305,"column":null}},"127":{"start":{"line":306,"column":8},"end":{"line":306,"column":null}},"128":{"start":{"line":308,"column":8},"end":{"line":308,"column":null}},"129":{"start":{"line":309,"column":8},"end":{"line":309,"column":null}},"130":{"start":{"line":312,"column":6},"end":{"line":312,"column":null}},"131":{"start":{"line":316,"column":2},"end":{"line":423,"column":null}},"132":{"start":{"line":340,"column":27},"end":{"line":340,"column":null}},"133":{"start":{"line":341,"column":28},"end":{"line":341,"column":null}},"134":{"start":{"line":390,"column":12},"end":{"line":396,"column":null}},"135":{"start":{"line":400,"column":12},"end":{"line":405,"column":null}},"136":{"start":{"line":412,"column":40},"end":{"line":412,"column":null}},"137":{"start":{"line":431,"column":8},"end":{"line":431,"column":null}},"138":{"start":{"line":432,"column":8},"end":{"line":443,"column":null}},"139":{"start":{"line":433,"column":11},"end":{"line":441,"column":null}},"140":{"start":{"line":435,"column":8},"end":{"line":435,"column":null}},"141":{"start":{"line":435,"column":31},"end":{"line":435,"column":null}},"142":{"start":{"line":438,"column":8},"end":{"line":438,"column":null}},"143":{"start":{"line":439,"column":8},"end":{"line":439,"column":null}},"144":{"start":{"line":445,"column":2},"end":{"line":452,"column":null}},"145":{"start":{"line":457,"column":8},"end":{"line":457,"column":null}},"146":{"start":{"line":460,"column":2},"end":{"line":464,"column":null}},"147":{"start":{"line":461,"column":4},"end":{"line":463,"column":null}},"148":{"start":{"line":462,"column":6},"end":{"line":462,"column":null}},"149":{"start":{"line":466,"column":2},"end":{"line":466,"column":null}},"150":{"start":{"line":470,"column":8},"end":{"line":470,"column":null}},"151":{"start":{"line":472,"column":8},"end":{"line":486,"column":null}},"152":{"start":{"line":473,"column":11},"end":{"line":484,"column":null}},"153":{"start":{"line":475,"column":8},"end":{"line":477,"column":null}},"154":{"start":{"line":476,"column":10},"end":{"line":476,"column":null}},"155":{"start":{"line":480,"column":8},"end":{"line":482,"column":null}},"156":{"start":{"line":481,"column":10},"end":{"line":481,"column":null}},"157":{"start":{"line":488,"column":2},"end":{"line":496,"column":null}},"158":{"start":{"line":502,"column":8},"end":{"line":502,"column":null}},"159":{"start":{"line":504,"column":8},"end":{"line":514,"column":null}},"160":{"start":{"line":505,"column":11},"end":{"line":512,"column":null}},"161":{"start":{"line":508,"column":8},"end":{"line":510,"column":null}},"162":{"start":{"line":509,"column":10},"end":{"line":509,"column":null}},"163":{"start":{"line":516,"column":2},"end":{"line":524,"column":null}}},"fnMap":{"0":{"name":"(anonymous_0)","decl":{"start":{"line":23,"column":22},"end":{"line":23,"column":23}},"loc":{"start":{"line":23,"column":43},"end":{"line":41,"column":null}},"line":23},"1":{"name":"(anonymous_1)","decl":{"start":{"line":43,"column":25},"end":{"line":43,"column":31}},"loc":{"start":{"line":43,"column":31},"end":{"line":59,"column":null}},"line":43},"2":{"name":"(anonymous_2)","decl":{"start":{"line":67,"column":21},"end":{"line":67,"column":22}},"loc":{"start":{"line":67,"column":60},"end":{"line":425,"column":null}},"line":67},"3":{"name":"(anonymous_3)","decl":{"start":{"line":79,"column":46},"end":{"line":79,"column":47}},"loc":{"start":{"line":79,"column":64},"end":{"line":79,"column":74}},"line":79},"4":{"name":"(anonymous_4)","decl":{"start":{"line":95,"column":25},"end":{"line":95,"column":31}},"loc":{"start":{"line":95,"column":31},"end":{"line":100,"column":5}},"line":95},"5":{"name":"(anonymous_5)","decl":{"start":{"line":97,"column":43},"end":{"line":97,"column":44}},"loc":{"start":{"line":97,"column":55},"end":{"line":97,"column":67}},"line":97},"6":{"name":"(anonymous_6)","decl":{"start":{"line":98,"column":43},"end":{"line":98,"column":44}},"loc":{"start":{"line":98,"column":55},"end":{"line":98,"column":67}},"line":98},"7":{"name":"(anonymous_7)","decl":{"start":{"line":108,"column":27},"end":{"line":108,"column":33}},"loc":{"start":{"line":108,"column":33},"end":{"line":129,"column":null}},"line":108},"8":{"name":"(anonymous_8)","decl":{"start":{"line":111,"column":39},"end":{"line":111,"column":44}},"loc":{"start":{"line":111,"column":44},"end":{"line":111,"column":56}},"line":111},"9":{"name":"(anonymous_9)","decl":{"start":{"line":133,"column":32},"end":{"line":133,"column":38}},"loc":{"start":{"line":133,"column":38},"end":{"line":145,"column":5}},"line":133},"10":{"name":"(anonymous_10)","decl":{"start":{"line":139,"column":22},"end":{"line":139,"column":29}},"loc":{"start":{"line":139,"column":29},"end":{"line":142,"column":5}},"line":139},"11":{"name":"(anonymous_11)","decl":{"start":{"line":149,"column":28},"end":{"line":149,"column":34}},"loc":{"start":{"line":149,"column":34},"end":{"line":167,"column":5}},"line":149},"12":{"name":"(anonymous_12)","decl":{"start":{"line":152,"column":25},"end":{"line":152,"column":26}},"loc":{"start":{"line":152,"column":41},"end":{"line":166,"column":5}},"line":152},"13":{"name":"(anonymous_13)","decl":{"start":{"line":172,"column":25},"end":{"line":172,"column":26}},"loc":{"start":{"line":172,"column":47},"end":{"line":176,"column":null}},"line":172},"14":{"name":"(anonymous_14)","decl":{"start":{"line":178,"column":27},"end":{"line":178,"column":28}},"loc":{"start":{"line":178,"column":42},"end":{"line":190,"column":null}},"line":178},"15":{"name":"(anonymous_15)","decl":{"start":{"line":184,"column":39},"end":{"line":184,"column":46}},"loc":{"start":{"line":184,"column":46},"end":{"line":187,"column":5}},"line":184},"16":{"name":"(anonymous_16)","decl":{"start":{"line":194,"column":25},"end":{"line":194,"column":26}},"loc":{"start":{"line":194,"column":53},"end":{"line":199,"column":null}},"line":194},"17":{"name":"(anonymous_17)","decl":{"start":{"line":202,"column":22},"end":{"line":202,"column":23}},"loc":{"start":{"line":202,"column":33},"end":{"line":205,"column":null}},"line":202},"18":{"name":"(anonymous_18)","decl":{"start":{"line":204,"column":34},"end":{"line":204,"column":35}},"loc":{"start":{"line":204,"column":44},"end":{"line":204,"column":55}},"line":204},"19":{"name":"(anonymous_19)","decl":{"start":{"line":209,"column":23},"end":{"line":209,"column":24}},"loc":{"start":{"line":209,"column":37},"end":{"line":228,"column":null}},"line":209},"20":{"name":"(anonymous_20)","decl":{"start":{"line":226,"column":30},"end":{"line":226,"column":31}},"loc":{"start":{"line":226,"column":47},"end":{"line":226,"column":60}},"line":226},"21":{"name":"(anonymous_21)","decl":{"start":{"line":231,"column":25},"end":{"line":231,"column":31}},"loc":{"start":{"line":231,"column":31},"end":{"line":250,"column":null}},"line":231},"22":{"name":"(anonymous_22)","decl":{"start":{"line":239,"column":6},"end":{"line":239,"column":7}},"loc":{"start":{"line":239,"column":20},"end":{"line":244,"column":null}},"line":239},"23":{"name":"(anonymous_23)","decl":{"start":{"line":245,"column":6},"end":{"line":245,"column":7}},"loc":{"start":{"line":245,"column":17},"end":{"line":248,"column":null}},"line":245},"24":{"name":"(anonymous_24)","decl":{"start":{"line":252,"column":23},"end":{"line":252,"column":35}},"loc":{"start":{"line":252,"column":35},"end":{"line":274,"column":null}},"line":252},"25":{"name":"(anonymous_25)","decl":{"start":{"line":276,"column":29},"end":{"line":276,"column":41}},"loc":{"start":{"line":276,"column":41},"end":{"line":314,"column":null}},"line":276},"26":{"name":"(anonymous_26)","decl":{"start":{"line":279,"column":43},"end":{"line":279,"column":44}},"loc":{"start":{"line":279,"column":57},"end":{"line":279,"column":71}},"line":279},"27":{"name":"(anonymous_27)","decl":{"start":{"line":280,"column":43},"end":{"line":280,"column":44}},"loc":{"start":{"line":280,"column":57},"end":{"line":280,"column":71}},"line":280},"28":{"name":"(anonymous_28)","decl":{"start":{"line":296,"column":31},"end":{"line":296,"column":32}},"loc":{"start":{"line":296,"column":48},"end":{"line":296,"column":61}},"line":296},"29":{"name":"(anonymous_29)","decl":{"start":{"line":340,"column":20},"end":{"line":340,"column":21}},"loc":{"start":{"line":340,"column":27},"end":{"line":340,"column":null}},"line":340},"30":{"name":"(anonymous_30)","decl":{"start":{"line":341,"column":21},"end":{"line":341,"column":22}},"loc":{"start":{"line":341,"column":28},"end":{"line":341,"column":null}},"line":341},"31":{"name":"(anonymous_31)","decl":{"start":{"line":389,"column":25},"end":{"line":389,"column":26}},"loc":{"start":{"line":390,"column":12},"end":{"line":396,"column":null}},"line":390},"32":{"name":"(anonymous_32)","decl":{"start":{"line":399,"column":25},"end":{"line":399,"column":26}},"loc":{"start":{"line":400,"column":12},"end":{"line":405,"column":null}},"line":400},"33":{"name":"(anonymous_33)","decl":{"start":{"line":412,"column":25},"end":{"line":412,"column":26}},"loc":{"start":{"line":412,"column":40},"end":{"line":412,"column":null}},"line":412},"34":{"name":"DraggableMarker","decl":{"start":{"line":430,"column":9},"end":{"line":430,"column":25}},"loc":{"start":{"line":430,"column":64},"end":{"line":454,"column":null}},"line":430},"35":{"name":"(anonymous_35)","decl":{"start":{"line":433,"column":4},"end":{"line":433,"column":11}},"loc":{"start":{"line":433,"column":11},"end":{"line":441,"column":null}},"line":433},"36":{"name":"(anonymous_36)","decl":{"start":{"line":434,"column":6},"end":{"line":434,"column":13}},"loc":{"start":{"line":434,"column":13},"end":{"line":436,"column":null}},"line":434},"37":{"name":"(anonymous_37)","decl":{"start":{"line":437,"column":6},"end":{"line":437,"column":15}},"loc":{"start":{"line":437,"column":18},"end":{"line":440,"column":null}},"line":437},"38":{"name":"FlyToLocation","decl":{"start":{"line":456,"column":9},"end":{"line":456,"column":23}},"loc":{"start":{"line":456,"column":35},"end":{"line":467,"column":null}},"line":456},"39":{"name":"(anonymous_39)","decl":{"start":{"line":460,"column":18},"end":{"line":460,"column":24}},"loc":{"start":{"line":460,"column":24},"end":{"line":464,"column":5}},"line":460},"40":{"name":"CenterMarker","decl":{"start":{"line":469,"column":9},"end":{"line":469,"column":22}},"loc":{"start":{"line":469,"column":55},"end":{"line":498,"column":null}},"line":469},"41":{"name":"(anonymous_41)","decl":{"start":{"line":473,"column":4},"end":{"line":473,"column":11}},"loc":{"start":{"line":473,"column":11},"end":{"line":484,"column":null}},"line":473},"42":{"name":"(anonymous_42)","decl":{"start":{"line":474,"column":6},"end":{"line":474,"column":13}},"loc":{"start":{"line":474,"column":13},"end":{"line":478,"column":null}},"line":474},"43":{"name":"(anonymous_43)","decl":{"start":{"line":479,"column":6},"end":{"line":479,"column":16}},"loc":{"start":{"line":479,"column":16},"end":{"line":483,"column":null}},"line":479},"44":{"name":"GhostMarker","decl":{"start":{"line":501,"column":9},"end":{"line":501,"column":21}},"loc":{"start":{"line":501,"column":56},"end":{"line":526,"column":null}},"line":501},"45":{"name":"(anonymous_45)","decl":{"start":{"line":505,"column":4},"end":{"line":505,"column":11}},"loc":{"start":{"line":505,"column":11},"end":{"line":512,"column":null}},"line":505},"46":{"name":"(anonymous_46)","decl":{"start":{"line":507,"column":6},"end":{"line":507,"column":16}},"loc":{"start":{"line":507,"column":16},"end":{"line":511,"column":null}},"line":507}},"branchMap":{"0":{"loc":{"start":{"line":23,"column":23},"end":{"line":23,"column":43}},"type":"default-arg","locations":[{"start":{"line":23,"column":33},"end":{"line":23,"column":43}}],"line":23},"1":{"loc":{"start":{"line":30,"column":28},"end":{"line":30,"column":63}},"type":"cond-expr","locations":[{"start":{"line":30,"column":38},"end":{"line":30,"column":52}},{"start":{"line":30,"column":52},"end":{"line":30,"column":63}}],"line":30},"2":{"loc":{"start":{"line":78,"column":2},"end":{"line":91,"column":null}},"type":"if","locations":[{"start":{"line":78,"column":2},"end":{"line":91,"column":null}},{"start":{"line":80,"column":2},"end":{"line":91,"column":null}}],"line":78},"3":{"loc":{"start":{"line":78,"column":6},"end":{"line":78,"column":75}},"type":"binary-expr","locations":[{"start":{"line":78,"column":6},"end":{"line":78,"column":22}},{"start":{"line":78,"column":22},"end":{"line":78,"column":44}},{"start":{"line":78,"column":44},"end":{"line":78,"column":75}}],"line":78},"4":{"loc":{"start":{"line":80,"column":2},"end":{"line":91,"column":null}},"type":"if","locations":[{"start":{"line":80,"column":2},"end":{"line":91,"column":null}},{"start":{"line":89,"column":9},"end":{"line":91,"column":null}}],"line":80},"5":{"loc":{"start":{"line":80,"column":13},"end":{"line":80,"column":107}},"type":"binary-expr","locations":[{"start":{"line":80,"column":13},"end":{"line":80,"column":29}},{"start":{"line":80,"column":29},"end":{"line":80,"column":69}},{"start":{"line":80,"column":69},"end":{"line":80,"column":107}}],"line":80},"6":{"loc":{"start":{"line":96,"column":4},"end":{"line":96,"column":null}},"type":"if","locations":[{"start":{"line":96,"column":4},"end":{"line":96,"column":null}},{"start":{},"end":{}}],"line":96},"7":{"loc":{"start":{"line":134,"column":4},"end":{"line":134,"column":null}},"type":"if","locations":[{"start":{"line":134,"column":4},"end":{"line":134,"column":null}},{"start":{},"end":{}}],"line":134},"8":{"loc":{"start":{"line":150,"column":4},"end":{"line":150,"column":null}},"type":"if","locations":[{"start":{"line":150,"column":4},"end":{"line":150,"column":null}},{"start":{},"end":{}}],"line":150},"9":{"loc":{"start":{"line":179,"column":4},"end":{"line":179,"column":null}},"type":"if","locations":[{"start":{"line":179,"column":4},"end":{"line":179,"column":null}},{"start":{},"end":{}}],"line":179},"10":{"loc":{"start":{"line":203,"column":4},"end":{"line":203,"column":null}},"type":"if","locations":[{"start":{"line":203,"column":4},"end":{"line":203,"column":null}},{"start":{},"end":{}}],"line":203},"11":{"loc":{"start":{"line":233,"column":4},"end":{"line":236,"column":null}},"type":"if","locations":[{"start":{"line":233,"column":4},"end":{"line":236,"column":null}},{"start":{},"end":{}}],"line":233},"12":{"loc":{"start":{"line":253,"column":4},"end":{"line":253,"column":null}},"type":"if","locations":[{"start":{"line":253,"column":4},"end":{"line":253,"column":null}},{"start":{},"end":{}}],"line":253},"13":{"loc":{"start":{"line":258,"column":6},"end":{"line":268,"column":null}},"type":"if","locations":[{"start":{"line":258,"column":6},"end":{"line":268,"column":null}},{"start":{"line":266,"column":13},"end":{"line":268,"column":null}}],"line":258},"14":{"loc":{"start":{"line":258,"column":10},"end":{"line":258,"column":35}},"type":"binary-expr","locations":[{"start":{"line":258,"column":10},"end":{"line":258,"column":18}},{"start":{"line":258,"column":18},"end":{"line":258,"column":35}}],"line":258},"15":{"loc":{"start":{"line":277,"column":4},"end":{"line":313,"column":null}},"type":"if","locations":[{"start":{"line":277,"column":4},"end":{"line":313,"column":null}},{"start":{"line":311,"column":11},"end":{"line":313,"column":null}}],"line":277},"16":{"loc":{"start":{"line":286,"column":25},"end":{"line":286,"column":null}},"type":"binary-expr","locations":[{"start":{"line":286,"column":25},"end":{"line":286,"column":60}},{"start":{"line":286,"column":60},"end":{"line":286,"column":null}}],"line":286},"17":{"loc":{"start":{"line":341,"column":28},"end":{"line":341,"column":null}},"type":"binary-expr","locations":[{"start":{"line":341,"column":28},"end":{"line":341,"column":49}},{"start":{"line":341,"column":49},"end":{"line":341,"column":null}}],"line":341},"18":{"loc":{"start":{"line":367,"column":7},"end":{"line":370,"column":null}},"type":"binary-expr","locations":[{"start":{"line":367,"column":7},"end":{"line":367,"column":null}},{"start":{"line":368,"column":8},"end":{"line":370,"column":null}}],"line":367},"19":{"loc":{"start":{"line":408,"column":11},"end":{"line":413,"column":null}},"type":"binary-expr","locations":[{"start":{"line":408,"column":11},"end":{"line":408,"column":null}},{"start":{"line":409,"column":12},"end":{"line":413,"column":null}}],"line":408},"20":{"loc":{"start":{"line":435,"column":8},"end":{"line":435,"column":null}},"type":"if","locations":[{"start":{"line":435,"column":8},"end":{"line":435,"column":null}},{"start":{},"end":{}}],"line":435},"21":{"loc":{"start":{"line":461,"column":4},"end":{"line":463,"column":null}},"type":"if","locations":[{"start":{"line":461,"column":4},"end":{"line":463,"column":null}},{"start":{},"end":{}}],"line":461},"22":{"loc":{"start":{"line":475,"column":8},"end":{"line":477,"column":null}},"type":"if","locations":[{"start":{"line":475,"column":8},"end":{"line":477,"column":null}},{"start":{},"end":{}}],"line":475},"23":{"loc":{"start":{"line":480,"column":8},"end":{"line":482,"column":null}},"type":"if","locations":[{"start":{"line":480,"column":8},"end":{"line":482,"column":null}},{"start":{},"end":{}}],"line":480},"24":{"loc":{"start":{"line":508,"column":8},"end":{"line":510,"column":null}},"type":"if","locations":[{"start":{"line":508,"column":8},"end":{"line":510,"column":null}},{"start":{},"end":{}}],"line":508}},"s":{"0":1,"1":1,"2":1,"3":2,"4":1,"5":1,"6":1,"7":1,"8":1,"9":1,"10":27,"11":27,"12":0,"13":0,"14":27,"15":1,"16":1,"17":26,"18":27,"19":27,"20":0,"21":27,"22":108,"23":27,"24":108,"25":27,"26":27,"27":27,"28":27,"29":27,"30":27,"31":27,"32":108,"33":27,"34":27,"35":27,"36":27,"37":0,"38":27,"39":27,"40":11,"41":0,"42":11,"43":11,"44":11,"45":44,"46":44,"47":11,"48":27,"49":11,"50":0,"51":11,"52":44,"53":44,"54":44,"55":44,"56":44,"57":27,"58":0,"59":0,"60":0,"61":27,"62":0,"63":0,"64":0,"65":0,"66":0,"67":0,"68":0,"69":27,"70":0,"71":0,"72":0,"73":27,"74":0,"75":0,"76":0,"77":0,"78":27,"79":2,"80":2,"81":2,"82":2,"83":2,"84":8,"85":27,"86":0,"87":0,"88":0,"89":0,"90":0,"91":0,"92":0,"93":0,"94":0,"95":27,"96":2,"97":0,"98":2,"99":2,"100":2,"101":2,"102":2,"103":2,"104":2,"105":0,"106":0,"107":0,"108":27,"109":1,"110":1,"111":1,"112":4,"113":1,"114":4,"115":1,"116":1,"117":1,"118":1,"119":0,"120":1,"121":4,"122":1,"123":1,"124":1,"125":1,"126":1,"127":1,"128":0,"129":0,"130":0,"131":27,"132":15,"133":16,"134":108,"135":108,"136":0,"137":108,"138":108,"139":108,"140":0,"141":0,"142":0,"143":0,"144":108,"145":27,"146":27,"147":27,"148":27,"149":27,"150":27,"151":27,"152":27,"153":0,"154":0,"155":0,"156":0,"157":27,"158":108,"159":108,"160":108,"161":0,"162":0,"163":108},"f":{"0":2,"1":1,"2":27,"3":0,"4":27,"5":108,"6":108,"7":27,"8":108,"9":11,"10":44,"11":11,"12":44,"13":0,"14":0,"15":0,"16":0,"17":0,"18":0,"19":2,"20":8,"21":0,"22":0,"23":0,"24":2,"25":1,"26":4,"27":4,"28":4,"29":15,"30":16,"31":108,"32":108,"33":0,"34":108,"35":108,"36":0,"37":0,"38":27,"39":27,"40":27,"41":27,"42":0,"43":0,"44":108,"45":108,"46":0},"b":{"0":[2],"1":[1,1],"2":[0,27],"3":[27,1,0],"4":[1,26],"5":[27,1,1],"6":[0,27],"7":[0,11],"8":[0,11],"9":[0,0],"10":[0,0],"11":[0,0],"12":[0,2],"13":[2,0],"14":[2,2],"15":[1,0],"16":[1,0],"17":[16,1],"18":[27,1],"19":[27,27],"20":[0,0],"21":[27,0],"22":[0,0],"23":[0,0],"24":[0,0]},"meta":{"lastBranch":25,"lastFunction":47,"lastStatement":164,"seen":{"s:16:0:16:Infinity":0,"s:17:0:21:Infinity":1,"s:23:22:41:Infinity":2,"f:23:22:23:23":0,"b:23:33:23:43":0,"s:24:2:40:Infinity":3,"b:30:38:30:52:30:52:30:63":1,"s:43:25:59:Infinity":4,"f:43:25:43:31":1,"s:44:2:58:Infinity":5,"s:61:20:61:Infinity":6,"s:62:21:62:Infinity":7,"s:63:22:63:Infinity":8,"s:67:21:425:Infinity":9,"f:67:21:67:22":2,"s:70:27:75:Infinity":10,"b:78:2:91:Infinity:80:2:91:Infinity":2,"s:78:2:91:Infinity":11,"b:78:6:78:22:78:22:78:44:78:44:78:75":3,"s:79:4:79:Infinity":12,"f:79:46:79:47":3,"s:79:64:79:74":13,"b:80:2:91:Infinity:89:9:91:Infinity":4,"s:80:2:91:Infinity":14,"b:80:13:80:29:80:29:80:69:80:69:80:107":5,"s:82:19:82:Infinity":15,"s:83:4:88:Infinity":16,"s:90:4:90:Infinity":17,"s:95:8:100:Infinity":18,"f:95:25:95:31":4,"b:96:4:96:Infinity:undefined:undefined:undefined:undefined":6,"s:96:4:96:Infinity":19,"s:96:39:96:Infinity":20,"s:97:19:97:Infinity":21,"f:97:43:97:44":5,"s:97:55:97:67":22,"s:98:19:98:Infinity":23,"f:98:43:98:44":6,"s:98:55:98:67":24,"s:99:4:99:Infinity":25,"s:102:32:102:Infinity":26,"s:104:32:104:Infinity":27,"s:105:36:105:Infinity":28,"s:108:27:129:Infinity":29,"f:108:27:108:33":7,"s:109:4:128:Infinity":30,"s:111:25:111:Infinity":31,"f:111:39:111:44":8,"s:111:44:111:56":32,"s:115:6:115:Infinity":33,"s:118:12:118:Infinity":34,"s:119:12:119:Infinity":35,"s:122:6:125:Infinity":36,"s:127:6:127:Infinity":37,"s:131:19:131:Infinity":38,"s:133:8:145:Infinity":39,"f:133:32:133:38":9,"b:134:4:134:Infinity:undefined:undefined:undefined:undefined":7,"s:134:4:134:Infinity":40,"s:134:32:134:Infinity":41,"s:136:17:136:Infinity":42,"s:137:17:137:Infinity":43,"s:139:4:142:Infinity":44,"f:139:22:139:29":10,"s:140:6:140:Infinity":45,"s:141:6:141:Infinity":46,"s:144:4:144:Infinity":47,"s:149:8:167:Infinity":48,"f:149:28:149:34":11,"b:150:4:150:Infinity:undefined:undefined:undefined:undefined":8,"s:150:4:150:Infinity":49,"s:150:30:150:Infinity":50,"s:152:4:166:Infinity":51,"f:152:25:152:26":12,"s:154:12:154:Infinity":52,"s:155:22:155:Infinity":53,"s:158:12:158:Infinity":54,"s:159:12:159:Infinity":55,"s:161:6:165:Infinity":56,"s:172:25:176:Infinity":57,"f:172:25:172:26":13,"s:173:25:173:Infinity":58,"s:174:4:174:Infinity":59,"s:175:4:175:Infinity":60,"s:178:27:190:Infinity":61,"f:178:27:178:28":14,"b:179:4:179:Infinity:undefined:undefined:undefined:undefined":9,"s:179:4:179:Infinity":62,"s:179:24:179:Infinity":63,"s:181:20:181:Infinity":64,"s:182:20:182:Infinity":65,"s:184:25:187:Infinity":66,"f:184:39:184:46":15,"s:184:46:187:5":67,"s:189:4:189:Infinity":68,"s:194:25:199:Infinity":69,"f:194:25:194:26":16,"s:195:25:195:Infinity":70,"s:197:4:197:Infinity":71,"s:198:4:198:Infinity":72,"s:202:22:205:Infinity":73,"f:202:22:202:23":17,"b:203:4:203:Infinity:undefined:undefined:undefined:undefined":10,"s:203:4:203:Infinity":74,"s:203:31:203:Infinity":75,"s:204:4:204:Infinity":76,"f:204:34:204:35":18,"s:204:44:204:55":77,"s:209:23:228:Infinity":78,"f:209:23:209:24":19,"s:210:19:210:Infinity":79,"s:212:25:217:Infinity":80,"s:219:4:219:Infinity":81,"s:220:4:220:Infinity":82,"s:223:4:227:Infinity":83,"f:226:30:226:31":20,"s:226:47:226:60":84,"s:231:25:250:Infinity":85,"f:231:25:231:31":21,"b:233:4:236:Infinity:undefined:undefined:undefined:undefined":11,"s:233:4:236:Infinity":86,"s:234:6:234:Infinity":87,"s:235:6:235:Infinity":88,"s:238:4:249:Infinity":89,"f:239:6:239:7":22,"s:240:20:240:Infinity":90,"s:241:20:241:Infinity":91,"s:243:8:243:Infinity":92,"f:245:6:245:7":23,"s:246:8:246:Infinity":93,"s:247:8:247:Infinity":94,"s:252:23:274:Infinity":95,"f:252:23:252:35":24,"b:253:4:253:Infinity:undefined:undefined:undefined:undefined":12,"s:253:4:253:Infinity":96,"s:253:22:253:Infinity":97,"s:255:4:273:Infinity":98,"s:256:19:256:Infinity":99,"b:258:6:268:Infinity:266:13:268:Infinity":13,"s:258:6:268:Infinity":100,"b:258:10:258:18:258:18:258:35":14,"s:259:28:259:Infinity":101,"s:262:20:262:Infinity":102,"s:263:20:263:Infinity":103,"s:265:8:265:Infinity":104,"s:267:8:267:Infinity":105,"s:271:6:271:Infinity":106,"s:272:6:272:Infinity":107,"s:276:29:314:Infinity":108,"f:276:29:276:41":25,"b:277:4:313:Infinity:311:11:313:Infinity":15,"s:277:4:313:Infinity":109,"s:278:6:310:Infinity":110,"s:279:26:279:Infinity":111,"f:279:43:279:44":26,"s:279:57:279:71":112,"s:280:26:280:Infinity":113,"f:280:43:280:44":27,"s:280:57:280:71":114,"s:283:27:283:Infinity":115,"s:284:8:289:Infinity":116,"s:285:37:285:Infinity":117,"s:286:10:286:Infinity":118,"b:286:25:286:60:286:60:286:Infinity":16,"s:288:10:288:Infinity":119,"s:291:25:297:Infinity":120,"f:296:31:296:32":28,"s:296:48:296:61":121,"s:299:8:299:Infinity":122,"s:301:8:301:Infinity":123,"s:302:8:302:Infinity":124,"s:304:23:304:Infinity":125,"s:305:8:305:Infinity":126,"s:306:8:306:Infinity":127,"s:308:8:308:Infinity":128,"s:309:8:309:Infinity":129,"s:312:6:312:Infinity":130,"s:316:2:423:Infinity":131,"f:340:20:340:21":29,"s:340:27:340:Infinity":132,"f:341:21:341:22":30,"s:341:28:341:Infinity":133,"b:341:28:341:49:341:49:341:Infinity":17,"b:367:7:367:Infinity:368:8:370:Infinity":18,"f:389:25:389:26":31,"s:390:12:396:Infinity":134,"f:399:25:399:26":32,"s:400:12:405:Infinity":135,"b:408:11:408:Infinity:409:12:413:Infinity":19,"f:412:25:412:26":33,"s:412:40:412:Infinity":136,"f:430:9:430:25":34,"s:431:8:431:Infinity":137,"s:432:8:443:Infinity":138,"f:433:4:433:11":35,"s:433:11:441:Infinity":139,"f:434:6:434:13":36,"b:435:8:435:Infinity:undefined:undefined:undefined:undefined":20,"s:435:8:435:Infinity":140,"s:435:31:435:Infinity":141,"f:437:6:437:15":37,"s:438:8:438:Infinity":142,"s:439:8:439:Infinity":143,"s:445:2:452:Infinity":144,"f:456:9:456:23":38,"s:457:8:457:Infinity":145,"s:460:2:464:Infinity":146,"f:460:18:460:24":39,"b:461:4:463:Infinity:undefined:undefined:undefined:undefined":21,"s:461:4:463:Infinity":147,"s:462:6:462:Infinity":148,"s:466:2:466:Infinity":149,"f:469:9:469:22":40,"s:470:8:470:Infinity":150,"s:472:8:486:Infinity":151,"f:473:4:473:11":41,"s:473:11:484:Infinity":152,"f:474:6:474:13":42,"b:475:8:477:Infinity:undefined:undefined:undefined:undefined":22,"s:475:8:477:Infinity":153,"s:476:10:476:Infinity":154,"f:479:6:479:16":43,"b:480:8:482:Infinity:undefined:undefined:undefined:undefined":23,"s:480:8:482:Infinity":155,"s:481:10:481:Infinity":156,"s:488:2:496:Infinity":157,"f:501:9:501:21":44,"s:502:8:502:Infinity":158,"s:504:8:514:Infinity":159,"f:505:4:505:11":45,"s:505:11:512:Infinity":160,"f:507:6:507:16":46,"b:508:8:510:Infinity:undefined:undefined:undefined:undefined":24,"s:508:8:510:Infinity":161,"s:509:10:509:Infinity":162,"s:516:2:524:Infinity":163}}}
,"C:\\Users\\lincy\\not_Onedrive\\Documents\\sys_eng\\agritech-project\\frontend\\src\\satellite_imagery.jsx": {"path":"C:\\Users\\lincy\\not_Onedrive\\Documents\\sys_eng\\agritech-project\\frontend\\src\\satellite_imagery.jsx","statementMap":{"0":{"start":{"line":6,"column":25},"end":{"line":49,"column":null}},"1":{"start":{"line":8,"column":40},"end":{"line":8,"column":null}},"2":{"start":{"line":9,"column":44},"end":{"line":9,"column":null}},"3":{"start":{"line":12,"column":4},"end":{"line":16,"column":null}},"4":{"start":{"line":13,"column":8},"end":{"line":15,"column":null}},"5":{"start":{"line":14,"column":12},"end":{"line":14,"column":null}},"6":{"start":{"line":14,"column":32},"end":{"line":14,"column":null}},"7":{"start":{"line":18,"column":25},"end":{"line":32,"column":null}},"8":{"start":{"line":19,"column":8},"end":{"line":19,"column":null}},"9":{"start":{"line":20,"column":8},"end":{"line":31,"column":null}},"10":{"start":{"line":21,"column":25},"end":{"line":21,"column":null}},"11":{"start":{"line":22,"column":12},"end":{"line":28,"column":null}},"12":{"start":{"line":23,"column":28},"end":{"line":23,"column":null}},"13":{"start":{"line":24,"column":16},"end":{"line":24,"column":null}},"14":{"start":{"line":25,"column":16},"end":{"line":25,"column":null}},"15":{"start":{"line":27,"column":16},"end":{"line":27,"column":null}},"16":{"start":{"line":30,"column":12},"end":{"line":30,"column":null}},"17":{"start":{"line":34,"column":4},"end":{"line":47,"column":null}}},"fnMap":{"0":{"name":"(anonymous_0)","decl":{"start":{"line":6,"column":25},"end":{"line":6,"column":31}},"loc":{"start":{"line":6,"column":31},"end":{"line":49,"column":null}},"line":6},"1":{"name":"(anonymous_1)","decl":{"start":{"line":12,"column":14},"end":{"line":12,"column":20}},"loc":{"start":{"line":12,"column":20},"end":{"line":16,"column":7}},"line":12},"2":{"name":"(anonymous_2)","decl":{"start":{"line":13,"column":15},"end":{"line":13,"column":21}},"loc":{"start":{"line":13,"column":21},"end":{"line":15,"column":null}},"line":13},"3":{"name":"(anonymous_3)","decl":{"start":{"line":18,"column":25},"end":{"line":18,"column":37}},"loc":{"start":{"line":18,"column":37},"end":{"line":32,"column":null}},"line":18}},"branchMap":{"0":{"loc":{"start":{"line":14,"column":12},"end":{"line":14,"column":null}},"type":"if","locations":[{"start":{"line":14,"column":12},"end":{"line":14,"column":null}},{"start":{},"end":{}}],"line":14},"1":{"loc":{"start":{"line":22,"column":12},"end":{"line":28,"column":null}},"type":"if","locations":[{"start":{"line":22,"column":12},"end":{"line":28,"column":null}},{"start":{"line":26,"column":19},"end":{"line":28,"column":null}}],"line":22},"2":{"loc":{"start":{"line":39,"column":13},"end":{"line":39,"column":null}},"type":"binary-expr","locations":[{"start":{"line":39,"column":13},"end":{"line":39,"column":29}},{"start":{"line":39,"column":29},"end":{"line":39,"column":null}}],"line":39},"3":{"loc":{"start":{"line":41,"column":13},"end":{"line":45,"column":null}},"type":"binary-expr","locations":[{"start":{"line":41,"column":13},"end":{"line":41,"column":null}},{"start":{"line":42,"column":16},"end":{"line":45,"column":null}}],"line":41}},"s":{"0":2,"1":13,"2":13,"3":13,"4":7,"5":7,"6":1,"7":13,"8":4,"9":4,"10":4,"11":2,"12":1,"13":1,"14":1,"15":1,"16":1,"17":13},"f":{"0":13,"1":7,"2":7,"3":4},"b":{"0":[1,6],"1":[1,1],"2":[13,7],"3":[13,1]},"meta":{"lastBranch":4,"lastFunction":4,"lastStatement":18,"seen":{"s:6:25:49:Infinity":0,"f:6:25:6:31":0,"s:8:40:8:Infinity":1,"s:9:44:9:Infinity":2,"s:12:4:16:Infinity":3,"f:12:14:12:20":1,"s:13:8:15:Infinity":4,"f:13:15:13:21":2,"b:14:12:14:Infinity:undefined:undefined:undefined:undefined":0,"s:14:12:14:Infinity":5,"s:14:32:14:Infinity":6,"s:18:25:32:Infinity":7,"f:18:25:18:37":3,"s:19:8:19:Infinity":8,"s:20:8:31:Inf
[...]
t":{"line":314,"column":45},"end":{"line":330,"column":1}},"line":314},"20":{"name":"deleteLastExchange","decl":{"start":{"line":336,"column":22},"end":{"line":336,"column":40}},"loc":{"start":{"line":336,"column":43},"end":{"line":358,"column":1}},"line":336},"21":{"name":"fetchUploadedFiles","decl":{"start":{"line":364,"column":22},"end":{"line":364,"column":40}},"loc":{"start":{"line":364,"column":43},"end":{"line":380,"column":1}},"line":364},"22":{"name":"(anonymous_22)","decl":{"start":{"line":382,"column":34},"end":{"line":382,"column":39}},"loc":{"start":{"line":382,"column":54},"end":{"line":398,"column":1}},"line":382},"23":{"name":"(anonymous_23)","decl":{"start":{"line":400,"column":34},"end":{"line":400,"column":39}},"loc":{"start":{"line":400,"column":50},"end":{"line":421,"column":1}},"line":400},"24":{"name":"handleSatelliteImage","decl":{"start":{"line":427,"column":22},"end":{"line":427,"column":42}},"loc":{"start":{"line":427,"column":45},"end":{"line":449,"column":null}},"line":427}},"branchMap":{"0":{"loc":{"start":{"line":6,"column":21},"end":{"line":6,"column":83}},"type":"binary-expr","locations":[{"start":{"line":6,"column":21},"end":{"line":6,"column":49}},{"start":{"line":6,"column":53},"end":{"line":6,"column":83}}],"line":6},"1":{"loc":{"start":{"line":40,"column":21},"end":{"line":40,"column":31}},"type":"default-arg","locations":[{"start":{"line":40,"column":29},"end":{"line":40,"column":31}}],"line":40},"2":{"loc":{"start":{"line":43,"column":4},"end":{"line":45,"column":5}},"type":"if","locations":[{"start":{"line":43,"column":4},"end":{"line":45,"column":5}},{"start":{},"end":{}}],"line":43},"3":{"loc":{"start":{"line":56,"column":51},"end":{"line":56,"column":66}},"type":"default-arg","locations":[{"start":{"line":56,"column":61},"end":{"line":56,"column":66}}],"line":56},"4":{"loc":{"start":{"line":63,"column":4},"end":{"line":66,"column":5}},"type":"if","locations":[{"start":{"line":63,"column":4},"end":{"line":66,"column":5}},{"start":{},"end":{}}],"line":63},"5":{"loc":{"start":{"line":65,"column":24},"end":{"line":65,"column":80}},"type":"binary-expr","locations":[{"start":{"line":65,"column":24},"end":{"line":65,"column":34}},{"start":{"line":65,"column":38},"end":{"line":65,"column":80}}],"line":65},"6":{"loc":{"start":{"line":86,"column":4},"end":{"line":89,"column":5}},"type":"if","locations":[{"start":{"line":86,"column":4},"end":{"line":89,"column":5}},{"start":{},"end":{}}],"line":86},"7":{"loc":{"start":{"line":88,"column":24},"end":{"line":88,"column":73}},"type":"binary-expr","locations":[{"start":{"line":88,"column":24},"end":{"line":88,"column":34}},{"start":{"line":88,"column":38},"end":{"line":88,"column":73}}],"line":88},"8":{"loc":{"start":{"line":103,"column":43},"end":{"line":103,"column":64}},"type":"default-arg","locations":[{"start":{"line":103,"column":60},"end":{"line":103,"column":64}}],"line":103},"9":{"loc":{"start":{"line":103,"column":66},"end":{"line":103,"column":76}},"type":"default-arg","locations":[{"start":{"line":103,"column":74},"end":{"line":103,"column":76}}],"line":103},"10":{"loc":{"start":{"line":119,"column":23},"end":{"line":119,"column":60}},"type":"cond-expr","locations":[{"start":{"line":119,"column":45},"end":{"line":119,"column":53}},{"start":{"line":119,"column":56},"end":{"line":119,"column":60}}],"line":119},"11":{"loc":{"start":{"line":124,"column":8},"end":{"line":127,"column":9}},"type":"if","locations":[{"start":{"line":124,"column":8},"end":{"line":127,"column":9}},{"start":{},"end":{}}],"line":124},"12":{"loc":{"start":{"line":124,"column":12},"end":{"line":124,"column":62}},"type":"binary-expr","locations":[{"start":{"line":124,"column":12},"end":{"line":124,"column":35}},{"start":{"line":124,"column":39},"end":{"line":124,"column":62}}],"line":124},"13":{"loc":{"start":{"line":129,"column":8},"end":{"line":131,"column":9}},"type":"if","locations":[{"start":{"line":129,"column":8},"end":{"line":131,"column":9}},{"start":{},"end":{}}],"line":129},"14":{"loc":{"start":{"line":140,"column":19},"end":{"line":140,"column":35}},"type":"binary-expr","locations":[{"start":{"line":140,"column":19},"end":{"line":140,"column":29}},{"start":{"line":140,"column":33},"end":{"line":140,"column":35}}],"line":140},"15":{"loc":{"start":{"line":141,"column":20},"end":{"line":141,"column":37}},"type":"binary-expr","locations":[{"start":{"line":141,"column":20},"end":{"line":141,"column":31}},{"start":{"line":141,"column":35},"end":{"line":141,"column":37}}],"line":141},"16":{"loc":{"start":{"line":142,"column":23},"end":{"line":142,"column":41}},"type":"binary-expr","locations":[{"start":{"line":142,"column":23},"end":{"line":142,"column":35}},{"start":{"line":142,"column":39},"end":{"line":142,"column":41}}],"line":142},"17":{"loc":{"start":{"line":146,"column":8},"end":{"line":149,"column":9}},"type":"if","locations":[{"start":{"line":146,"column":8},"end":{"line":149,"column":9}},{"start":{},"end":{}}],"line":146},"18":{"loc":{"start":{"line":165,"column":8},"end":{"line":167,"column":9}},"type":"if","locations":[{"start":{"line":165,"column":8},"end":{"line":167,"column":9}},{"start":{},"end":{}}],"line":165},"19":{"loc":{"start":{"line":181,"column":41},"end":{"line":181,"column":61}},"type":"default-arg","locations":[{"start":{"line":181,"column":56},"end":{"line":181,"column":61}}],"line":181},"20":{"loc":{"start":{"line":191,"column":8},"end":{"line":193,"column":9}},"type":"if","locations":[{"start":{"line":191,"column":8},"end":{"line":193,"column":9}},{"start":{},"end":{}}],"line":191},"21":{"loc":{"start":{"line":221,"column":4},"end":{"line":224,"column":5}},"type":"if","locations":[{"start":{"line":221,"column":4},"end":{"line":224,"column":5}},{"start":{},"end":{}}],"line":221},"22":{"loc":{"start":{"line":221,"column":8},"end":{"line":221,"column":58}},"type":"binary-expr","locations":[{"start":{"line":221,"column":8},"end":{"line":221,"column":31}},{"start":{"line":221,"column":35},"end":{"line":221,"column":58}}],"line":221},"23":{"loc":{"start":{"line":226,"column":4},"end":{"line":228,"column":5}},"type":"if","locations":[{"start":{"line":226,"column":4},"end":{"line":228,"column":5}},{"start":{},"end":{}}],"line":226},"24":{"loc":{"start":{"line":245,"column":4},"end":{"line":248,"column":5}},"type":"if","locations":[{"start":{"line":245,"column":4},"end":{"line":248,"column":5}},{"start":{},"end":{}}],"line":245},"25":{"loc":{"start":{"line":245,"column":8},"end":{"line":245,"column":58}},"type":"binary-expr","locations":[{"start":{"line":245,"column":8},"end":{"line":245,"column":31}},{"start":{"line":245,"column":35},"end":{"line":245,"column":58}}],"line":245},"26":{"loc":{"start":{"line":250,"column":4},"end":{"line":252,"column":5}},"type":"if","locations":[{"start":{"line":250,"column":4},"end":{"line":252,"column":5}},{"start":{},"end":{}}],"line":250},"27":{"loc":{"start":{"line":269,"column":4},"end":{"line":272,"column":5}},"type":"if","locations":[{"start":{"line":269,"column":4},"end":{"line":272,"column":5}},{"start":{},"end":{}}],"line":269},"28":{"loc":{"start":{"line":269,"column":8},"end":{"line":269,"column":58}},"type":"binary-expr","locations":[{"start":{"line":269,"column":8},"end":{"line":269,"column":31}},{"start":{"line":269,"column":35},"end":{"line":269,"column":58}}],"line":269},"29":{"loc":{"start":{"line":274,"column":4},"end":{"line":276,"column":5}},"type":"if","locations":[{"start":{"line":274,"column":4},"end":{"line":276,"column":5}},{"start":{},"end":{}}],"line":274},"30":{"loc":{"start":{"line":290,"column":4},"end":{"line":293,"column":5}},"type":"if","locations":[{"start":{"line":290,"column":4},"end":{"line":293,"column":5}},{"start":{},"end":{}}],"line":290},"31":{"loc":{"start":{"line":290,"column":8},"end":{"line":290,"column":58}},"type":"binary-expr","locations":[{"start":{"line":290,"column":8},"end":{"line":290,"column":31}},{"start":{"line":290,"column":35},"end":{"line":290,"column":58}}],"line":290},"32":{"loc":{"start":{"line":295,"column":4},"end":{"line":297,"column":5}},"type":"if","locations":[{"start":{"line":295,"column":4},"end":{"line":297,"column":5}},{"start":{},"end":{}}],"line":295},"33":{"loc":{"start":{"line":299,"column":4},"end":{"line":301,"column":5}},"type":"if","locations":[{"start":{"line":299,"column":4},"end":{"line":301,"column":5}},{"start":{},"end":{}}],"line":299},"34":{"loc":{"start":{"line":320,"column":4},"end":{"line":323,"column":5}},"type":"if","locations":[{"start":{"line":320,"column":4},"end":{"line":323,"column":5}},{"start":{},"end":{}}],"line":320},"35":{"loc":{"start":{"line":320,"column":8},"end":{"line":320,"column":58}},"type":"binary-expr","locations":[{"start":{"line":320,"column":8},"end":{"line":320,"column":31}},{"start":{"line":320,"column":35},"end":{"line":320,"column":58}}],"line":320},"36":{"loc":{"start":{"line":325,"column":4},"end":{"line":327,"column":5}},"type":"if","locations":[{"start":{"line":325,"column":4},"end":{"line":327,"column":5}},{"start":{},"end":{}}],"line":325},"37":{"loc":{"start":{"line":339,"column":4},"end":{"line":341,"column":5}},"type":"if","locations":[{"start":{"line":339,"column":4},"end":{"line":341,"column":5}},{"start":{},"end":{}}],"line":339},"38":{"loc":{"start":{"line":348,"column":4},"end":{"line":351,"column":5}},"type":"if","locations":[{"start":{"line":348,"column":4},"end":{"line":351,"column":5}},{"start":{},"end":{}}],"line":348},"39":{"loc":{"start":{"line":348,"column":8},"end":{"line":348,"column":58}},"type":"binary-expr","locations":[{"start":{"line":348,"column":8},"end":{"line":348,"column":31}},{"start":{"line":348,"column":35},"end":{"line":348,"column":58}}],"line":348},"40":{"loc":{"start":{"line":353,"column":4},"end":{"line":355,"column":5}},"type":"if","locations":[{"start":{"line":353,"column":4},"end":{"line":355,"column":5}},{"start":{},"end":{}}],"line":353},"41":{"loc":{"start":{"line":369,"column":4},"end":{"line":372,"column":5}},"type":"if","locations":[{"start":{"line":369,"column":4},"end":{"line":372,"column":5}},{"start":{},"end":{}}],"line":369},"42":{"loc":{"start":{"line":369,"column":8},"end":{"line":369,"column":58}},"type":"binary-expr","locations":[{"start":{"line":369,"column":8},"end":{"line":369,"column":31}},{"start":{"line":369,"column":35},"end":{"line":369,"column":58}}],"line":369},"43":{"loc":{"start":{"line":374,"column":4},"end":{"line":376,"column":5}},"type":"if","locations":[{"start":{"line":374,"column":4},"end":{"line":376,"column":5}},{"start":{},"end":{}}],"line":374},"44":{"loc":{"start":{"line":388,"column":4},"end":{"line":391,"column":5}},"type":"if","locations":[{"start":{"line":388,"column":4},"end":{"line":391,"column":5}},{"start":{},"end":{}}],"line":388},"45":{"loc":{"start":{"line":388,"column":8},"end":{"line":388,"column":58}},"type":"binary-expr","locations":[{"start":{"line":388,"column":8},"end":{"line":388,"column":31}},{"start":{"line":388,"column":35},"end":{"line":388,"column":58}}],"line":388},"46":{"loc":{"start":{"line":393,"column":4},"end":{"line":395,"column":5}},"type":"if","locations":[{"start":{"line":393,"column":4},"end":{"line":395,"column":5}},{"start":{},"end":{}}],"line":393},"47":{"loc":{"start":{"line":406,"column":4},"end":{"line":408,"column":5}},"type":"if","locations":[{"start":{"line":406,"column":4},"end":{"line":408,"column":5}},{"start":{},"end":{}}],"line":406},"48":{"loc":{"start":{"line":416,"column":4},"end":{"line":418,"column":5}},"type":"if","locations":[{"start":{"line":416,"column":4},"end":{"line":418,"column":5}},{"start":{},"end":{}}],"line":416},"49":{"loc":{"start":{"line":438,"column":8},"end":{"line":443,"column":9}},"type":"if","locations":[{"start":{"line":438,"column":8},"end":{"line":443,"column":9}},{"start":{"line":441,"column":15},"end":{"line":443,"column":9}}],"line":438}},"s":{"0":3,"1":3,"2":3,"3":33,"4":2,"5":2,"6":9,"7":9,"8":2,"9":2,"10":24,"11":24,"12":24,"13":20,"14":24,"15":2,"16":2,"17":1,"18":0,"19":1,"20":1,"21":1,"22":1,"23":3,"24":3,"25":2,"26":1,"27":2,"28":1,"29":1,"30":1,"31":5,"32":5,"33":0,"34":5,"35":5,"36":1,"37":5,"38":5,"39":2,"40":2,"41":3,"42":1,"43":2,"44":2,"45":3,"46":0,"47":0,"48":3,"49":3,"50":5,"51":2,"52":2,"53":2,"54":1,"55":1,"56":1,"57":1,"58":1,"59":1,"60":1,"61":0,"62":1,"63":0,"64":0,"65":2,"66":2,"67":2,"68":1,"69":1,"70":1,"71":0,"72":1,"73":2,"74":2,"75":2,"76":1,"77":1,"78":1,"79":0,"80":1,"81":2,"82":2,"83":1,"84":1,"85":1,"86":0,"87":1,"88":0,"89":0,"90":0,"91":0,"92":0,"93":0,"94":0,"95":0,"96":0,"97":0,"98":6,"99":6,"100":4,"101":1,"102":1,"103":3,"104":2,"105":1,"106":3,"107":3,"108":3,"109":3,"110":3,"111":3,"112":1,"113":1,"114":2,"115":1,"116":1,"117":0,"118":0,"119":0,"120":0,"121":0,"122":0,"123":0,"124":0,"125":3,"126":4,"127":4,"128":1,"129":1,"130":3,"131":1,"132":2,"133":3,"134":2,"135":2,"136":2,"137":2,"138":2,"139":2,"140":2,"141":2,"142":1,"143":1,"144":0,"145":0,"146":0,"147":0,"148":0,"149":0,"150":0},"f":{"0":33,"1":2,"2":2,"3":9,"4":2,"5":24,"6":2,"7":0,"8":3,"9":1,"10":5,"11":0,"12":1,"13":2,"14":1,"15":2,"16":2,"17":2,"18":0,"19":6,"20":3,"21":0,"22":4,"23":2,"24":0},"b":{"0":[3,0],"1":[24],"2":[20,4],"3":[2],"4":[1,1],"5":[1,0],"6":[2,1],"7":[2,1],"8":[5],"9":[5],"10":[1,4],"11":[2,3],"12":[5,4],"13":[1,2],"14":[2,0],"15":[5,2],"16":[5,0],"17":[0,3],"18":[1,1],"19":[1],"20":[0,1],"21":[1,1],"22":[2,1],"23":[0,1],"24":[1,1],"25":[2,2],"26":[0,1],"27":[1,1],"28":[2,1],"29":[0,1],"30":[0,0],"31":[0,0],"32":[0,0],"33":[0,0],"34":[1,3],"35":[4,3],"36":[2,1],"37":[3,0],"38":[1,2],"39":[3,2],"40":[1,1],"41":[0,0],"42":[0,0],"43":[0,0],"44":[1,3],"45":[4,3],"46":[1,2],"47":[2,0],"48":[1,1],"49":[0,0]},"meta":{"lastBranch":50,"lastFunction":25,"lastStatement":151,"seen":{"s:6:21:6:83":0,"b:6:21:6:49:6:53:6:83":0,"s:10:18:10:32":1,"s:11:21:11:38":2,"f:14:16:14:24":0,"s:15:4:15:43":3,"f:19:16:19:27":1,"s:20:4:20:46":4,"f:24:16:24:26":2,"s:25:4:25:24":5,"f:29:16:29:22":3,"s:30:4:30:39":6,"s:31:4:31:42":7,"f:34:9:34:17":4,"s:35:4:35:55":8,"s:36:4:36:54":9,"f:40:9:40:20":5,"b:40:29:40:31":1,"s:41:20:41:68":10,"s:42:18:42:28":11,"b:43:4:45:5:undefined:undefined:undefined:undefined":2,"s:43:4:45:5":12,"s:44:8:44:53":13,"s:46:4:46:19":14,"f:56:22:56:30":6,"b:56:61:56:66":3,"s:57:21:61:6":15,"b:63:4:66:5:undefined:undefined:undefined:undefined":4,"s:63:4:66:5":16,"s:64:20:64:59":17,"f:64:48:64:49":7,"s:64:55:64:57":18,"s:65:8:65:82":19,"b:65:24:65:34:65:38:65:80":5,"s:68:17:68:38":20,"s:69:4:69:19":21,"s:70:4:70:16":22,"f:79:22:79:27":8,"s:80:21:84:6":23,"b:86:4:89:5:undefined:undefined:undefined:undefined":6,"s:86:4:89:5":24,"s:87:20:87:59":25,"f:87:48:87:49":9,"s:87:55:87:57":26,"s:88:8:88:75":27,"b:88:24:88:34:88:38:88:73":7,"s:91:17:91:38":28,"s:92:4:92:19":29,"s:93:4:93:16":30,"f:103:22:103:33":10,"b:103:60:103:64":8,"b:103:74:103:76":9,"s:104:23:104:44":31,"s:105:22:105:66":32,"f:105:33:105:34":11,"s:105:39:105:57":33,"s:107:4:154:5":34,"s:111:25:111:67":35,"f:111:35:111:36":12,"s:111:46:111:65":36,"s:113:25:122:10":37,"b:119:45:119:53:119:56:119:60":10,"b:124:8:127:9:undefined:undefined:undefined:undefined":11,"s:124:8:127:9":38,"b:124:12:124:35:124:39:124:62":12,"s:125:12:125:21":39,"s:126:12:126:69":40,"b:129:8:131:9:undefined:undefined:undefined:undefined":13,"s:129:8:131:9":41,"s:130:12:130:70":42,"s:133:21:133:42":43,"s:138:8:144:10":44,"b:140:19:140:29:140:33:140:35":14,"b:141:20:141:31:141:35:141:37":15,"b:142:23:142:35:142:39:142:41":16,"b:146:8:149:9:undefined:undefined:undefined:undefined":17,"s:146:8:149:9":45,"s:147:12:147:47":46,"s:148:12:148:87":47,"s:150:8:150:55":48,"s:151:8:151:20":49,"s:153:8:153:32":50,"f:161:22:161:33":13,"s:162:4:173:5":51,"s:163:25:163:62":52,"b:165:8:167:9:undefined:undefined:undefined:undefined":18,"s:165:8:167:9":53,"s:166:12:166:70":54,"s:169:8:169:37":55,"s:171:8:171:55":56,"s:172:8:172:20":57,"f:181:22:181:40":14,"b:181:56:181:61":19,"s:182:4:199:5":58,"s:183:25:189:10":59,"b:191:8:193:9:undefined:undefined:undefined:undefined":20,"s:191:8:193:9":60,"s:192:12:192:70":61,"s:195:8:195:37":62,"s:197:8:197:63":63,"s:198:8:198:20":64,"f:215:22:215:35":15,"s:216:19:216:52":65,"s:217:21:219:6":66,"b:221:4:224:5:undefined:undefined:undefined:undefined":21,"s:221:4:224:5":67,"b:221:8:221:31:221:35:221:58":22,"s:222:8:222:17":68,"s:223:8:223:65":69,"b:226:4:228:5:undefined:undefined:undefined:undefined":23,"s:226:4:228:5":70,"s:227:8:227:70":71,"s:230:4:230:33":72,"f:239:22:239:36":16,"s:240:19:240:78":73,"s:241:21:243:6":74,"b:245:4:248:5:undefined:undefined:undefined:undefined":24,"s:245:4:248:5":75,"b:245:8:245:31:245:35:245:58":25,"s:246:8:246:17":76,"s:247:8:247:65":77,"b:250:4:252:5:undefined:undefined:undefined:undefined":26,"s:250:4:252:5":78,"s:251:8:251:71":79,"s:254:4:254:33":80,"f:262:22:262:34":17,"s:263:21:267:6":81,"b:269:4:272:5:undefined:undefined:undefined:undefined":27,"s:269:4:272:5":82,"b:269:8:269:31:269:35:269:58":28,"s:270:8:270:17":83,"s:271:8:271:65":84,"b:274:4:276:5:undefined:undefined:undefined:undefined":29,"s:274:4:276:5":85,"s:275:8:275:73":86,"s:278:4:278:33":87,"f:285:22:285:35":18,"s:286:21:288:6":88,"b:290:4:293:5:undefined:undefined:undefined:undefined":30,"s:290:4:293:5":89,"b:290:8:290:31:290:35:290:58":31,"s:291:8:291:17":90,"s:292:8:292:65":91,"b:295:4:297:5:undefined:undefined:undefined:undefined":32,"s:295:4:297:5":92,"s:296:8:296:20":93,"b:299:4:301:5:undefined:undefined:undefined:undefined":33,"s:299:4:301:5":94,"s:300:8:300:74":95,"s:303:17:303:38":96,"s:304:4:304:21":97,"f:314:22:314:34":19,"s:315:19:315:78":98,"s:316:21:318:6":99,"b:320:4:323:5:undefined:undefined:undefined:undefined":34,"s:320:4:323:5":100,"b:320:8:320:31:320:35:320:58":35,"s:321:8:321:17":101,"s:322:8:322:65":102,"b:325:4:327:5:undefined:undefined:undefined:undefined":36,"s:325:4:327:5":103,"s:326:8:326:77":104,"s:329:4:329:33":105,"f:336:22:336:40":20,"s:337:18:337:28":106,"s:338:20:338:22":107,"b:339:4:341:5:undefined:undefined:undefined:undefined":37,"s:339:4:341:5":108,"s:340:8:340:53":109,"s:343:21:346:6":110,"b:348:4:351:5:undefined:undefined:undefined:undefined":38,"s:348:4:351:5":111,"b:348:8:348:31:348:35:348:58":39,"s:349:8:349:17":112,"s:350:8:350:65":113,"b:353:4:355:5:undefined:undefined:undefined:undefined":40,"s:353:4:355:5":114,"s:354:8:354:71":115,"s:357:4:357:33":116,"f:364:22:364:40":21,"s:365:21:367:6":117,"b:369:4:372:5:undefined:undefined:undefined:undefined":41,"s:369:4:372:5":118,"b:369:8:369:31:369:35:369:58":42,"s:370:8:370:17":119,"s:371:8:371:65":120,"b:374:4:376:5:undefined:undefined:undefined:undefined":43,"s:374:4:376:5":121,"s:375:8:375:79":122,"s:378:17:378:38":123,"s:379:4:379:22":124,"s:382:34:398:1":125,"f:382:34:382:39":22,"s:383:21:386:6":126,"b:388:4:391:5:undefined:undefined:undefined:undefined":44,"s:388:4:391:5":127,"b:388:8:388:31:388:35:388:58":45,"s:389:8:389:17":128,"s:390:8:390:43":129,"b:393:4:395:5:undefined:undefined:undefined:undefined":46,"s:393:4:395:5":130,"s:394:8:394:62":131,"s:397:4:397:33":132,"s:400:34:421:1":133,"f:400:34:400:39":23,"s:401:21:401:35":134,"s:402:4:402:34":135,"s:404:18:404:28":136,"s:405:20:405:22":137,"b:406:4:408:5:undefined:undefined:undefined:undefined":47,"s:406:4:408:5":138,"s:407:8:407:53":139,"s:410:21:414:6":140,"b:416:4:418:5:undefined:undefined:undefined:undefined":48,"s:416:4:418:5":141,"s:417:8:417:66":142,"s:420:4:420:33":143,"f:427:22:427:42":24,"s:428:4:448:5":144,"s:429:25:435:10":145,"b:438:8:443:9:441:15:443:9":49,"s:438:8:443:9":146,"s:440:12:440:41":147,"s:442:12:442:70":148,"s:446:8:446:64":149,"s:447:8:447:20":150}}}
,"C:\\Users\\lincy\\not_Onedrive\\Documents\\sys_eng\\agritech-project\\frontend\\src\\tools\\toolMenu.js": {"path":"C:\\Users\\lincy\\not_Onedrive\\Documents\\sys_eng\\agritech-project\\frontend\\src\\tools\\toolMenu.js","statementMap":{"0":{"start":{"line":3,"column":28},"end":{"line":9,"column":1}}},"fnMap":{},"branchMap":{},"s":{"0":3},"f":{},"b":{},"meta":{"lastBranch":0,"lastFunction":0,"lastStatement":1,"seen":{"s:3:28:9:1":0}}}
}
